#
# A fatal error has been detected by the Java Runtime Environment:
#
#  SIGSEGV (0xb) at pc=0x0000000108f69ac2, pid=38683, tid=0x0000000000000307
#
# JRE version: Java(TM) SE Runtime Environment (8.0_111-b14) (build 1.8.0_111-b14)
# Java VM: Java HotSpot(TM) 64-Bit Server VM (25.111-b14 mixed mode bsd-amd64 compressed oops)
# Problematic frame:
# V  [libjvm.dylib+0x169ac2]
#
# Failed to write core dump. Core dumps have been disabled. To enable core dumping, try "ulimit -c unlimited" before starting Java again
#
# If you would like to submit a bug report, please visit:
#   http://bugreport.java.com/bugreport/crash.jsp
#

---------------  T H R E A D  ---------------

Current thread is native thread

siginfo: si_signo: 11 (SIGSEGV), si_code: 1 (SEGV_MAPERR), si_addr: 0x0000000000000270

Registers:
RAX=0x0000000000000000, RBX=0x0000000000000000, RCX=0x0000000109113777, RDX=0x00007fa21a1249f8
RSP=0x00007ffee7e4ff90, RBP=0x00007ffee7e4ffa0, RSI=0x0000000000000006, RDI=0x00007ffee7e4ffe0
R8 =0x00007fa21e85ee30, R9 =0x0000000000000000, R10=0x00007fff976f9e88, R11=0x00007fa219702cd0
R12=0x00007fa21a1249f8, R13=0x00007fa21f500420, R14=0x00007fa21a1249f8, R15=0x0000000000000000
RIP=0x0000000108f69ac2, EFLAGS=0x0000000000010246, ERR=0x0000000000000006
  TRAPNO=0x000000000000000e

Top of Stack: (sp=0x00007ffee7e4ff90)
0x00007ffee7e4ff90:   00007fa219767e48 00007fa21a1249f8
0x00007ffee7e4ffa0:   00007ffee7e50000 00000001091137a7
0x00007ffee7e4ffb0:   00007fa21f2bcfb0 00007fa2197b6d60
0x00007ffee7e4ffc0:   00007fa21bac0400 00007fa2197b6d60
0x00007ffee7e4ffd0:   00007ffee7e50000 000000012ef3a6e9
0x00007ffee7e4ffe0:   0000000000000000 00007fa21f2bcfb0
0x00007ffee7e4fff0:   00007fa21bac0400 00007fa2197b6d60
0x00007ffee7e50000:   00007ffee7e50060 000000012f7f38d5
0x00007ffee7e50010:   00007fff3b072377 0000000000000000
0x00007ffee7e50020:   41116587a8a9989e 00007fa21bac0400
0x00007ffee7e50030:   00007ffee7e50060 00007fff6401ee80
0x00007ffee7e50040:   00007fa2197b6d60 00007fa21f500420
0x00007ffee7e50050:   00007fa22251b1d0 00007fa21bac0400
0x00007ffee7e50060:   00007ffee7e50110 00007fff48205fa2
0x00007ffee7e50070:   00007fa2197b6d60 0000000000000000
0x00007ffee7e50080:   0000000000000000 00007fa2197b6d60
0x00007ffee7e50090:   0000000000000000 0000000000000000
0x00007ffee7e500a0:   00007ffee7e500f0 0000048400000004
0x00007ffee7e500b0:   0000000000000000 41116587a8a9989e
0x00007ffee7e500c0:   00007fa21f2aca70 0000000000000000
0x00007ffee7e500d0:   0000000000000000 00007ffee7e500f0
0x00007ffee7e500e0:   00007fa2197b6d60 00007fff6401ee80
0x00007ffee7e500f0:   0000000000000004 0000000000000000
0x00007ffee7e50100:   00007fa2197b6d60 00007fff3b072377
0x00007ffee7e50110:   00007ffee7e50180 00007fff482055f3
0x00007ffee7e50120:   0000000000000000 0000000000000000
0x00007ffee7e50130:   4089000000000000 4082100000000000
0x00007ffee7e50140:   4082100000000000 4089000000000000
0x00007ffee7e50150:   4000000000000000 00007ffee7e50250
0x00007ffee7e50160:   00007fff6401ee80 0000000000000000
0x00007ffee7e50170:   00007fff3b074372 00007fa21f100cc0
0x00007ffee7e50180:   00007ffee7e51250 00007fff481a5e4d 

Instructions: (pc=0x0000000108f69ac2)
0x0000000108f69aa2:   0e 48 8b 0b 49 8b 56 18 48 63 c0 48 89 0c c2 5b
0x0000000108f69ab2:   41 5e 5d c3 90 90 55 48 89 e5 41 56 53 48 8b 1f
0x0000000108f69ac2:   c7 83 70 02 00 00 05 00 00 00 48 8d 05 e5 57 78
0x0000000108f69ad2:   00 8b 00 83 f8 01 41 89 f6 75 0c 48 8d 0d 32 c3 

Register to memory mapping:

RAX=0x0000000000000000 is an unknown value
RBX=0x0000000000000000 is an unknown value
RCX=0x0000000109113777: jni_NewLocalRef+0 in /Library/Java/JavaVirtualMachines/jdk1.8.0_111.jdk/Contents/Home/jre/lib/server/libjvm.dylib at 0x0000000108e00000
RDX=0x00007fa21a1249f8 is an unknown value
RSP=0x00007ffee7e4ff90 is an unknown value
RBP=0x00007ffee7e4ffa0 is an unknown value
RSI=0x0000000000000006 is an unknown value
RDI=0x00007ffee7e4ffe0 is an unknown value
R8 =0x00007fa21e85ee30 is an unknown value
R9 =0x0000000000000000 is an unknown value
R10=0x00007fff976f9e88: OBJC_CLASS_$_JNFJObjectWrapper+0 in /System/Library/Frameworks/JavaVM.framework/Versions/A/Frameworks/JavaNativeFoundation.framework/Versions/A/JavaNativeFoundation at 0x00007fff40b78000
R11=0x00007fa219702cd0 is an unknown value
R12=0x00007fa21a1249f8 is an unknown value
R13=0x00007fa21f500420 is an unknown value
R14=0x00007fa21a1249f8 is an unknown value
R15=0x0000000000000000 is an unknown value


Stack: [0x00007ffee7654000,0x00007ffee7e54000],  sp=0x00007ffee7e4ff90,  free space=8175k
Native frames: (J=compiled Java code, j=interpreted, Vv=VM code, C=native code)
V  [libjvm.dylib+0x169ac2]
V  [libjvm.dylib+0x3137a7]
C  [libawt_lwawt.dylib+0x198d5]  -[CGLLayer drawInCGLContext:pixelFormat:forLayerTime:displayTime:]+0xee
C  [QuartzCore+0x71fa2]  _ZL17CAOpenGLLayerDrawP13CAOpenGLLayerdPK11CVTimeStampj+0x7a7
C  [QuartzCore+0x715f3]  -[CAOpenGLLayer _display]+0x235
C  [QuartzCore+0x11e4d]  _ZN2CA5Layer17display_if_neededEPNS_11TransactionE+0x279
C  [QuartzCore+0x1190b]  _ZN2CA5Layer28layout_and_display_if_neededEPNS_11TransactionE+0x23
C  [QuartzCore+0x108fc]  _ZN2CA7Context18commit_transactionEPNS_11TransactionE+0x146
C  [QuartzCore+0x10495]  _ZN2CA11Transaction6commitEv+0x1e7
C  [QuartzCore+0x1c95a]  _ZN2CA11Transaction17observer_callbackEP19__CFRunLoopObservermPv+0x42
C  [CoreFoundation+0xa3467]  __CFRUNLOOP_IS_CALLING_OUT_TO_AN_OBSERVER_CALLBACK_FUNCTION__+0x17
C  [CoreFoundation+0xa338f]  __CFRunLoopDoObservers+0x20f
C  [CoreFoundation+0x85a70]  __CFRunLoopRun+0x640
C  [CoreFoundation+0x851a3]  CFRunLoopRunSpecific+0x1e3
C  [java+0x6465]  CreateExecutionEnvironment+0x367
C  [java+0x218c]  JLI_Launch+0x7a0
C  [java+0x84c2]  main+0x65
C  [java+0x19e4]  start+0x34


---------------  P R O C E S S  ---------------

VM state:not at safepoint (normal execution)

VM Mutex/Monitor currently owned by a thread: None

Heap:
 PSYoungGen      total 76288K, used 42355K [0x000000076ab00000, 0x0000000770000000, 0x00000007c0000000)
  eden space 65536K, 64% used [0x000000076ab00000,0x000000076d45cd20,0x000000076eb00000)
  from space 10752K, 0% used [0x000000076f580000,0x000000076f580000,0x0000000770000000)
  to   space 10752K, 0% used [0x000000076eb00000,0x000000076eb00000,0x000000076f580000)
 ParOldGen       total 175104K, used 0K [0x00000006c0000000, 0x00000006cab00000, 0x000000076ab00000)
  object space 175104K, 0% used [0x00000006c0000000,0x00000006c0000000,0x00000006cab00000)
 Metaspace       used 19165K, capacity 19878K, committed 20224K, reserved 1067008K
  class space    used 2772K, capacity 2979K, committed 3072K, reserved 1048576K

Card table byte_map: [0x000000010a1e8000,0x000000010a9e9000] byte_map_base: 0x0000000106be8000

Marking Bits: (ParMarkBitMap*) 0x00000001096efd20
 Begin Bits: [0x000000011b7a5000, 0x000000011f7a5000)
 End Bits:   [0x000000011f7a5000, 0x00000001237a5000)

Polling page: 0x0000000107dff000

CodeCache: size=245760Kb used=4489Kb max_used=4491Kb free=241270Kb
 bounds [0x000000010c7a5000, 0x000000010cc15000, 0x000000011b7a5000]
 total_blobs=2194 nmethods=1412 adapters=695
 compilation: enabled

Compilation events (10 events):
Event: 4.031 Thread 0x00007fa21b82a800 1408       4       sun.java2d.loops.GraphicsPrimitiveMgr$1::compare (39 bytes)
Event: 4.032 Thread 0x00007fa21b82a800 nmethod 1408 0x000000010cc08dd0 code [0x000000010cc08f20, 0x000000010cc09038]
Event: 4.040 Thread 0x00007fa21b009800 1409       3       sun.misc.Unsafe::getAndAddInt (27 bytes)
Event: 4.041 Thread 0x00007fa21b009800 nmethod 1409 0x000000010cc08790 code [0x000000010cc08900, 0x000000010cc08b10]
Event: 4.041 Thread 0x00007fa21b009800 1411       3       sun.reflect.ConstructorAccessorImpl::<init> (5 bytes)
Event: 4.041 Thread 0x00007fa21b009800 nmethod 1411 0x000000010cc08310 code [0x000000010cc08480, 0x000000010cc08690]
Event: 4.041 Thread 0x00007fa21b009800 1410       1       java.lang.reflect.Constructor::getConstructorAccessor (5 bytes)
Event: 4.041 Thread 0x00007fa21b009800 nmethod 1410 0x000000010cc08050 code [0x000000010cc081a0, 0x000000010cc082b0]
Event: 4.045 Thread 0x00007fa21b009800 1412   !   3       sun.awt.AppContext::get (123 bytes)
Event: 4.046 Thread 0x00007fa21b009800 nmethod 1412 0x000000010cc06a50 code [0x000000010cc06c00, 0x000000010cc07528]

GC Heap History (0 events):
No events

Deoptimization events (10 events):
Event: 0.907 Thread 0x00007fa21a124800 Uncommon trap: reason=class_check action=maybe_recompile pc=0x000000010c9eb444 method=java.io.DataInputStream.readShort()S @ 4
Event: 0.908 Thread 0x00007fa21a124800 Uncommon trap: reason=class_check action=maybe_recompile pc=0x000000010c9eb444 method=java.io.DataInputStream.readShort()S @ 4
Event: 0.908 Thread 0x00007fa21a124800 Uncommon trap: reason=class_check action=maybe_recompile pc=0x000000010c9eb444 method=java.io.DataInputStream.readShort()S @ 4
Event: 0.912 Thread 0x00007fa21a124800 Uncommon trap: reason=class_check action=maybe_recompile pc=0x000000010c8c071c method=java.lang.String.equals(Ljava/lang/Object;)Z @ 8
Event: 0.912 Thread 0x00007fa21a124800 Uncommon trap: reason=class_check action=maybe_recompile pc=0x000000010c8c071c method=java.lang.String.equals(Ljava/lang/Object;)Z @ 8
Event: 0.912 Thread 0x00007fa21a124800 Uncommon trap: reason=class_check action=maybe_recompile pc=0x000000010c8c071c method=java.lang.String.equals(Ljava/lang/Object;)Z @ 8
Event: 0.914 Thread 0x00007fa21a124800 Uncommon trap: reason=class_check action=maybe_recompile pc=0x000000010c8c071c method=java.lang.String.equals(Ljava/lang/Object;)Z @ 8
Event: 3.788 Thread 0x00007fa21a124800 Uncommon trap: reason=unstable_if action=reinterpret pc=0x000000010caba93c method=sun.misc.URLClassPath$JarLoader.ensureOpen()V @ 4
Event: 3.889 Thread 0x00007fa21a124800 Uncommon trap: reason=unstable_if action=reinterpret pc=0x000000010c95c560 method=java.lang.String.startsWith(Ljava/lang/String;I)Z @ 25
Event: 3.893 Thread 0x00007fa21a124800 Uncommon trap: reason=unstable_if action=reinterpret pc=0x000000010c9c1b94 method=java.lang.AbstractStringBuilder.append(Ljava/lang/String;)Ljava/lang/AbstractStringBuilder; @ 1

Internal exceptions (10 events):
Event: 0.127 Thread 0x00007fa21a001800 Exception <a 'java/security/PrivilegedActionException'> (0x000000076ae5e980) thrown at [/Users/java_re/workspace/8-2-build-macosx-x86_64/jdk8u111/7883/hotspot/src/share/vm/prims/jvm.cpp, line 1386]
Event: 0.127 Thread 0x00007fa21a001800 Exception <a 'java/security/PrivilegedActionException'> (0x000000076ae5eb90) thrown at [/Users/java_re/workspace/8-2-build-macosx-x86_64/jdk8u111/7883/hotspot/src/share/vm/prims/jvm.cpp, line 1386]
Event: 0.127 Thread 0x00007fa21a001800 Exception <a 'java/lang/NullPointerException'> (0x000000076ae5f380) thrown at [/Users/java_re/workspace/8-2-build-macosx-x86_64/jdk8u111/7883/hotspot/src/share/vm/interpreter/linkResolver.cpp, line 1178]
Event: 0.449 Thread 0x00007fa21a124800 Exception <a 'java/lang/NullPointerException'> (0x000000076ba7dc90) thrown at [/Users/java_re/workspace/8-2-build-macosx-x86_64/jdk8u111/7883/hotspot/src/share/vm/interpreter/linkResolver.cpp, line 1178]
Event: 0.449 Thread 0x00007fa21a124800 Exception <a 'java/lang/NullPointerException'> (0x000000076ba7dc90) thrown at [/Users/java_re/workspace/8-2-build-macosx-x86_64/jdk8u111/7883/hotspot/src/share/vm/prims/jvm.cpp, line 1390]
Event: 0.828 Thread 0x00007fa21a124800 Implicit null exception at 0x000000010ca09ab5 to 0x000000010ca09ced
Event: 3.788 Thread 0x00007fa21a124800 Implicit null exception at 0x000000010cab9886 to 0x000000010caba931
Event: 3.793 Thread 0x00007fa21a124800 Exception <a 'java/io/FileNotFoundException'> (0x000000076cf51f00) thrown at [/Users/java_re/workspace/8-2-build-macosx-x86_64/jdk8u111/7883/hotspot/src/share/vm/prims/jni.cpp, line 709]
Event: 3.793 Thread 0x00007fa21a124800 Exception <a 'java/io/FileNotFoundException'> (0x000000076cf52c90) thrown at [/Users/java_re/workspace/8-2-build-macosx-x86_64/jdk8u111/7883/hotspot/src/share/vm/prims/jni.cpp, line 709]
Event: 3.893 Thread 0x00007fa21a124800 Implicit null exception at 0x000000010c9c17b6 to 0x000000010c9c1b7d

Events (10 events):
Event: 4.045 loading class com/sun/javafx/tk/quantum/QuantumRenderer done
Event: 4.046 loading class com/sun/javafx/tk/quantum/QuantumToolkit
Event: 4.046 loading class com/sun/javafx/tk/quantum/QuantumToolkit done
Event: 4.046 Thread 0x00007fa219913000 Thread exited: 0x00007fa219913000
Event: 4.046 Thread 0x00007fa21b1e9000 Thread exited: 0x00007fa21b1e9000
Event: 4.046 Thread 0x00007fa21a001800 Thread exited: 0x00007fa21a001800
Event: 4.046 Thread 0x00007fa219913000 Thread added: 0x00007fa219913000
Event: 4.046 Thread 0x00007fa21a124800 Thread exited: 0x00007fa21a124800
Event: 4.046 loading class sun/lwawt/macosx/CCustomCursor
Event: 4.047 loading class sun/lwawt/macosx/CCustomCursor done


Dynamic libraries:
0x00000000152a2000 	/System/Library/Frameworks/Cocoa.framework/Versions/A/Cocoa
0x00000000152a2000 	/System/Library/Frameworks/Security.framework/Versions/A/Security
0x00000000152a2000 	/System/Library/Frameworks/ApplicationServices.framework/Versions/A/ApplicationServices
0x00000000152a2000 	/usr/lib/libz.1.dylib
0x00000000152a2000 	/usr/lib/libSystem.B.dylib
0x00000000152a2000 	/usr/lib/libobjc.A.dylib
0x00000000152a2000 	/System/Library/Frameworks/CoreFoundation.framework/Versions/A/CoreFoundation
0x00000000152a2000 	/System/Library/Frameworks/Foundation.framework/Versions/C/Foundation
0x00000000152a2000 	/System/Library/Frameworks/AppKit.framework/Versions/C/AppKit
0x00000000152a2000 	/System/Library/Frameworks/CoreData.framework/Versions/A/CoreData
0x00000000152a2000 	/System/Library/PrivateFrameworks/RemoteViewServices.framework/Versions/A/RemoteViewServices
0x00000000152a2000 	/System/Library/PrivateFrameworks/UIFoundation.framework/Versions/A/UIFoundation
0x00000000152a2000 	/System/Library/PrivateFrameworks/DFRFoundation.framework/Versions/A/DFRFoundation
0x00000000152a2000 	/System/Library/Frameworks/Metal.framework/Versions/A/Metal
0x00000000152a2000 	/System/Library/PrivateFrameworks/DesktopServicesPriv.framework/Versions/A/DesktopServicesPriv
0x00000000152a2000 	/usr/lib/libenergytrace.dylib
0x00000000152a2000 	/System/Library/PrivateFrameworks/SkyLight.framework/Versions/A/SkyLight
0x00000000152a2000 	/System/Library/Frameworks/CoreGraphics.framework/Versions/A/CoreGraphics
0x00000000152a2000 	/usr/lib/libScreenReader.dylib
0x00000000152a2000 	/System/Library/Frameworks/Accelerate.framework/Versions/A/Accelerate
0x00000000152a2000 	/System/Library/Frameworks/IOSurface.framework/Versions/A/IOSurface
0x00000000152a2000 	/System/Library/Frameworks/AudioToolbox.framework/Versions/A/AudioToolbox
0x00000000152a2000 	/System/Library/Frameworks/AudioUnit.framework/Versions/A/AudioUnit
0x00000000152a2000 	/System/Library/PrivateFrameworks/DataDetectorsCore.framework/Versions/A/DataDetectorsCore
0x00000000152a2000 	/System/Library/Frameworks/Carbon.framework/Versions/A/Frameworks/HIToolbox.framework/Versions/A/HIToolbox
0x00000000152a2000 	/usr/lib/libicucore.A.dylib
0x00000000152a2000 	/System/Library/Frameworks/QuartzCore.framework/Versions/A/QuartzCore
0x00000000152a2000 	/System/Library/PrivateFrameworks/SignpostNotification.framework/Versions/A/SignpostNotification
0x00000000152a2000 	/System/Library/Frameworks/Carbon.framework/Versions/A/Frameworks/SpeechRecognition.framework/Versions/A/SpeechRecognition
0x00000000152a2000 	/usr/lib/libauto.dylib
0x00000000152a2000 	/usr/lib/libxml2.2.dylib
0x00000000152a2000 	/System/Library/PrivateFrameworks/CoreUI.framework/Versions/A/CoreUI
0x00000000152a2000 	/System/Library/Frameworks/CoreAudio.framework/Versions/A/CoreAudio
0x00000000152a2000 	/System/Library/Frameworks/DiskArbitration.framework/Versions/A/DiskArbitration
0x00000000152a2000 	/usr/lib/liblangid.dylib
0x00000000152a2000 	/System/Library/PrivateFrameworks/MultitouchSupport.framework/Versions/A/MultitouchSupport
0x00000000152a2000 	/System/Library/Frameworks/IOKit.framework/Versions/A/IOKit
0x00000000152a2000 	/usr/lib/libDiagnosticMessagesClient.dylib
0x00000000152a2000 	/System/Library/Frameworks/CoreServices.framework/Versions/A/CoreServices
0x00000000152a2000 	/System/Library/PrivateFrameworks/PerformanceAnalysis.framework/Versions/A/PerformanceAnalysis
0x00000000152a2000 	/System/Library/Frameworks/OpenGL.framework/Versions/A/OpenGL
0x00000000152a2000 	/System/Library/Frameworks/ColorSync.framework/Versions/A/ColorSync
0x00000000152a2000 	/System/Library/Frameworks/CoreImage.framework/Versions/A/CoreImage
0x00000000152a2000 	/System/Library/Frameworks/CoreText.framework/Versions/A/CoreText
0x00000000152a2000 	/System/Library/Frameworks/ImageIO.framework/Versions/A/ImageIO
0x00000000152a2000 	/System/Library/PrivateFrameworks/Backup.framework/Versions/A/Backup
0x00000000152a2000 	/usr/lib/libarchive.2.dylib
0x00000000152a2000 	/System/Library/Frameworks/CFNetwork.framework/Versions/A/CFNetwork
0x00000000152a2000 	/System/Library/Frameworks/SystemConfiguration.framework/Versions/A/SystemConfiguration
0x00000000152a2000 	/usr/lib/libCRFSuite.dylib
0x00000000152a2000 	/usr/lib/libc++.1.dylib
0x00000000152a2000 	/usr/lib/libc++abi.dylib
0x00000000152a2000 	/usr/lib/system/libcache.dylib
0x00000000152a2000 	/usr/lib/system/libcommonCrypto.dylib
0x00000000152a2000 	/usr/lib/system/libcompiler_rt.dylib
0x00000000152a2000 	/usr/lib/system/libcopyfile.dylib
0x00000000152a2000 	/usr/lib/system/libcorecrypto.dylib
0x00000000152a2000 	/usr/lib/system/libdispatch.dylib
0x00000000152a2000 	/usr/lib/system/libdyld.dylib
0x00000000152a2000 	/usr/lib/system/libkeymgr.dylib
0x00000000152a2000 	/usr/lib/system/liblaunch.dylib
0x00000000152a2000 	/usr/lib/system/libmacho.dylib
0x00000000152a2000 	/usr/lib/system/libquarantine.dylib
0x00000000152a2000 	/usr/lib/system/libremovefile.dylib
0x00000000152a2000 	/usr/lib/system/libsystem_asl.dylib
0x00000000152a2000 	/usr/lib/system/libsystem_blocks.dylib
0x00000000152a2000 	/usr/lib/system/libsystem_c.dylib
0x00000000152a2000 	/usr/lib/system/libsystem_configuration.dylib
0x00000000152a2000 	/usr/lib/system/libsystem_coreservices.dylib
0x00000000152a2000 	/usr/lib/system/libsystem_darwin.dylib
0x00000000152a2000 	/usr/lib/system/libsystem_dnssd.dylib
0x00000000152a2000 	/usr/lib/system/libsystem_info.dylib
0x00000000152a2000 	/usr/lib/system/libsystem_m.dylib
0x00000000152a2000 	/usr/lib/system/libsystem_malloc.dylib
0x00000000152a2000 	/usr/lib/system/libsystem_network.dylib
0x00000000152a2000 	/usr/lib/system/libsystem_networkextension.dylib
0x00000000152a2000 	/usr/lib/system/libsystem_notify.dylib
0x00000000152a2000 	/usr/lib/system/libsystem_sandbox.dylib
0x00000000152a2000 	/usr/lib/system/libsystem_secinit.dylib
0x00000000152a2000 	/usr/lib/system/libsystem_kernel.dylib
0x00000000152a2000 	/usr/lib/system/libsystem_platform.dylib
0x00000000152a2000 	/usr/lib/system/libsystem_pthread.dylib
0x00000000152a2000 	/usr/lib/system/libsystem_symptoms.dylib
0x00000000152a2000 	/usr/lib/system/libsystem_trace.dylib
0x00000000152a2000 	/usr/lib/system/libunwind.dylib
0x00000000152a2000 	/usr/lib/system/libxpc.dylib
0x00000000152a2000 	/usr/lib/closure/libclosured.dylib
0x00000000152a2000 	/usr/lib/libbsm.0.dylib
0x00000000152a2000 	/usr/lib/system/libkxld.dylib
0x00000000152a2000 	/usr/lib/libOpenScriptingUtil.dylib
0x00000000152a2000 	/usr/lib/libcoretls.dylib
0x00000000152a2000 	/usr/lib/libcoretls_cfhelpers.dylib
0x00000000152a2000 	/usr/lib/libpam.2.dylib
0x00000000152a2000 	/usr/lib/libsqlite3.dylib
0x00000000152a2000 	/usr/lib/libxar.1.dylib
0x00000000152a2000 	/usr/lib/libbz2.1.0.dylib
0x00000000152a2000 	/usr/lib/liblzma.5.dylib
0x00000000152a2000 	/usr/lib/libnetwork.dylib
0x00000000152a2000 	/usr/lib/libapple_nghttp2.dylib
0x00000000152a2000 	/usr/lib/libpcap.A.dylib
0x00000000152a2000 	/usr/lib/libboringssl.dylib
0x00000000152a2000 	/usr/lib/libusrtcp.dylib
0x00000000152a2000 	/usr/lib/libapple_crypto.dylib
0x00000000152a2000 	/System/Library/Frameworks/CoreServices.framework/Versions/A/Frameworks/FSEvents.framework/Versions/A/FSEvents
0x00000000152a2000 	/System/Library/Frameworks/CoreServices.framework/Versions/A/Frameworks/CarbonCore.framework/Versions/A/CarbonCore
0x00000000152a2000 	/System/Library/Frameworks/CoreServices.framework/Versions/A/Frameworks/Metadata.framework/Versions/A/Metadata
0x00000000152a2000 	/System/Library/Frameworks/CoreServices.framework/Versions/A/Frameworks/OSServices.framework/Versions/A/OSServices
0x00000000152a2000 	/System/Library/Frameworks/CoreServices.framework/Versions/A/Frameworks/SearchKit.framework/Versions/A/SearchKit
0x00000000152a2000 	/System/Library/Frameworks/CoreServices.framework/Versions/A/Frameworks/AE.framework/Versions/A/AE
0x00000000152a2000 	/System/Library/Frameworks/CoreServices.framework/Versions/A/Frameworks/LaunchServices.framework/Versions/A/LaunchServices
0x00000000152a2000 	/System/Library/Frameworks/CoreServices.framework/Versions/A/Frameworks/DictionaryServices.framework/Versions/A/DictionaryServices
0x00000000152a2000 	/System/Library/Frameworks/CoreServices.framework/Versions/A/Frameworks/SharedFileList.framework/Versions/A/SharedFileList
0x00000000152a2000 	/System/Library/Frameworks/NetFS.framework/Versions/A/NetFS
0x00000000152a2000 	/System/Library/PrivateFrameworks/NetAuth.framework/Versions/A/NetAuth
0x00000000152a2000 	/System/Library/PrivateFrameworks/login.framework/Versions/A/Frameworks/loginsupport.framework/Versions/A/loginsupport
0x00000000152a2000 	/System/Library/PrivateFrameworks/TCC.framework/Versions/A/TCC
0x00000000152a2000 	/usr/lib/libmecabra.dylib
0x00000000152a2000 	/System/Library/Frameworks/ApplicationServices.framework/Versions/A/Frameworks/ATS.framework/Versions/A/ATS
0x00000000152a2000 	/System/Library/Frameworks/ApplicationServices.framework/Versions/A/Frameworks/ColorSyncLegacy.framework/Versions/A/ColorSyncLegacy
0x00000000152a2000 	/System/Library/Frameworks/ApplicationServices.framework/Versions/A/Frameworks/HIServices.framework/Versions/A/HIServices
0x00000000152a2000 	/System/Library/Frameworks/ApplicationServices.framework/Versions/A/Frameworks/LangAnalysis.framework/Versions/A/LangAnalysis
0x00000000152a2000 	/System/Library/Frameworks/ApplicationServices.framework/Versions/A/Frameworks/PrintCore.framework/Versions/A/PrintCore
0x00000000152a2000 	/System/Library/Frameworks/ApplicationServices.framework/Versions/A/Frameworks/QD.framework/Versions/A/QD
0x00000000152a2000 	/System/Library/Frameworks/ApplicationServices.framework/Versions/A/Frameworks/SpeechSynthesis.framework/Versions/A/SpeechSynthesis
0x00000000152a2000 	/System/Library/Frameworks/CoreDisplay.framework/Versions/A/CoreDisplay
0x00000000152a2000 	/System/Library/Frameworks/Accelerate.framework/Versions/A/Frameworks/vImage.framework/Versions/A/vImage
0x00000000152a2000 	/System/Library/Frameworks/Accelerate.framework/Versions/A/Frameworks/vecLib.framework/Versions/A/vecLib
0x00000000152a2000 	/System/Library/Frameworks/Accelerate.framework/Versions/A/Frameworks/vecLib.framework/Versions/A/libvDSP.dylib
0x00000000152a2000 	/System/Library/Frameworks/Accelerate.framework/Versions/A/Frameworks/vecLib.framework/Versions/A/libBNNS.dylib
0x00000000152a2000 	/System/Library/Frameworks/Accelerate.framework/Versions/A/Frameworks/vecLib.framework/Versions/A/libQuadrature.dylib
0x00000000152a2000 	/System/Library/Frameworks/Accelerate.framework/Versions/A/Frameworks/vecLib.framework/Versions/A/libvMisc.dylib
0x00000000152a2000 	/System/Library/Frameworks/Accelerate.framework/Versions/A/Frameworks/vecLib.framework/Versions/A/libLAPACK.dylib
0x00000000152a2000 	/System/Library/Frameworks/Accelerate.framework/Versions/A/Frameworks/vecLib.framework/Versions/A/libBLAS.dylib
0x00000000152a2000 	/System/Library/Frameworks/Accelerate.framework/Versions/A/Frameworks/vecLib.framework/Versions/A/libLinearAlgebra.dylib
0x00000000152a2000 	/System/Library/Frameworks/Accelerate.framework/Versions/A/Frameworks/vecLib.framework/Versions/A/libSparse.dylib
0x00000000152a2000 	/System/Library/Frameworks/Accelerate.framework/Versions/A/Frameworks/vecLib.framework/Versions/A/libSparseBLAS.dylib
0x00000000152a2000 	/System/Library/PrivateFrameworks/GPUWrangler.framework/Versions/A/GPUWrangler
0x00000000152a2000 	/System/Library/PrivateFrameworks/IOAccelerator.framework/Versions/A/IOAccelerator
0x00000000152a2000 	/System/Library/PrivateFrameworks/IOPresentment.framework/Versions/A/IOPresentment
0x00000000152a2000 	/System/Library/PrivateFrameworks/DSExternalDisplay.framework/Versions/A/DSExternalDisplay
0x00000000152a2000 	/System/Library/Frameworks/OpenGL.framework/Versions/A/Libraries/libCoreFSCache.dylib
0x00000000152a2000 	/System/Library/Frameworks/CoreVideo.framework/Versions/A/CoreVideo
0x00000000152a2000 	/System/Library/PrivateFrameworks/GraphVisualizer.framework/Versions/A/GraphVisualizer
0x00000000152a2000 	/System/Library/Frameworks/MetalPerformanceShaders.framework/Versions/A/MetalPerformanceShaders
0x00000000152a2000 	/usr/lib/libFosl_dynamic.dylib
0x00000000152a2000 	/System/Library/PrivateFrameworks/FaceCore.framework/Versions/A/FaceCore
0x00000000152a2000 	/System/Library/Frameworks/OpenCL.framework/Versions/A/OpenCL
0x00000000152a2000 	/usr/lib/libcompression.dylib
0x00000000152a2000 	/System/Library/Frameworks/ApplicationServices.framework/Versions/A/Frameworks/ATS.framework/Versions/A/Resources/libFontParser.dylib
0x00000000152a2000 	/System/Library/Frameworks/ApplicationServices.framework/Versions/A/Frameworks/ATS.framework/Versions/A/Resources/libFontRegistry.dylib
0x00000000152a2000 	/System/Library/Frameworks/ImageIO.framework/Versions/A/Resources/libJPEG.dylib
0x00000000152a2000 	/System/Library/Frameworks/ImageIO.framework/Versions/A/Resources/libTIFF.dylib
0x00000000152a2000 	/System/Library/Frameworks/ImageIO.framework/Versions/A/Resources/libPng.dylib
0x00000000152a2000 	/System/Library/Frameworks/ImageIO.framework/Versions/A/Resources/libGIF.dylib
0x00000000152a2000 	/System/Library/Frameworks/ImageIO.framework/Versions/A/Resources/libJP2.dylib
0x00000000152a2000 	/System/Library/Frameworks/ImageIO.framework/Versions/A/Resources/libRadiance.dylib
0x00000000152a2000 	/System/Library/PrivateFrameworks/AppleJPEG.framework/Versions/A/AppleJPEG
0x00000000152a2000 	/System/Library/Frameworks/MetalPerformanceShaders.framework/Frameworks/MPSCore.framework/Versions/A/MPSCore
0x00000000152a2000 	/System/Library/Frameworks/MetalPerformanceShaders.framework/Frameworks/MPSImage.framework/Versions/A/MPSImage
0x00000000152a2000 	/System/Library/Frameworks/MetalPerformanceShaders.framework/Frameworks/MPSNeuralNetwork.framework/Versions/A/MPSNeuralNetwork
0x00000000152a2000 	/System/Library/Frameworks/MetalPerformanceShaders.framework/Frameworks/MPSMatrix.framework/Versions/A/MPSMatrix
0x00000000152a2000 	/System/Library/PrivateFrameworks/MetalTools.framework/Versions/A/MetalTools
0x00000000152a2000 	/System/Library/Frameworks/OpenGL.framework/Versions/A/Libraries/libGLU.dylib
0x00000000152a2000 	/System/Library/Frameworks/OpenGL.framework/Versions/A/Libraries/libGFXShared.dylib
0x00000000152a2000 	/System/Library/Frameworks/OpenGL.framework/Versions/A/Libraries/libGL.dylib
0x00000000152a2000 	/System/Library/Frameworks/OpenGL.framework/Versions/A/Libraries/libGLImage.dylib
0x00000000152a2000 	/System/Library/Frameworks/OpenGL.framework/Versions/A/Libraries/libCVMSPluginSupport.dylib
0x00000000152a2000 	/System/Library/Frameworks/OpenGL.framework/Versions/A/Libraries/libCoreVMClient.dylib
0x00000000152a2000 	/usr/lib/libcups.2.dylib
0x00000000152a2000 	/System/Library/Frameworks/Kerberos.framework/Versions/A/Kerberos
0x00000000152a2000 	/System/Library/Frameworks/GSS.framework/Versions/A/GSS
0x00000000152a2000 	/usr/lib/libresolv.9.dylib
0x00000000152a2000 	/usr/lib/libiconv.2.dylib
0x00000000152a2000 	/System/Library/PrivateFrameworks/Heimdal.framework/Versions/A/Heimdal
0x00000000152a2000 	/usr/lib/libheimdal-asn1.dylib
0x00000000152a2000 	/System/Library/Frameworks/OpenDirectory.framework/Versions/A/OpenDirectory
0x00000000152a2000 	/System/Library/PrivateFrameworks/CommonAuth.framework/Versions/A/CommonAuth
0x00000000152a2000 	/System/Library/Frameworks/OpenDirectory.framework/Versions/A/Frameworks/CFOpenDirectory.framework/Versions/A/CFOpenDirectory
0x00000000152a2000 	/System/Library/Frameworks/SecurityFoundation.framework/Versions/A/SecurityFoundation
0x00000000152a2000 	/System/Library/PrivateFrameworks/APFS.framework/Versions/A/APFS
0x00000000152a2000 	/usr/lib/libutil.dylib
0x00000000152a2000 	/System/Library/PrivateFrameworks/AppleSauce.framework/Versions/A/AppleSauce
0x00000000152a2000 	/System/Library/PrivateFrameworks/LinguisticData.framework/Versions/A/LinguisticData
0x00000000152a2000 	/usr/lib/libmarisa.dylib
0x00000000152a2000 	/System/Library/PrivateFrameworks/Lexicon.framework/Versions/A/Lexicon
0x00000000152a2000 	/usr/lib/libChineseTokenizer.dylib
0x00000000152a2000 	/usr/lib/libcmph.dylib
0x00000000152a2000 	/System/Library/PrivateFrameworks/LanguageModeling.framework/Versions/A/LanguageModeling
0x00000000152a2000 	/System/Library/PrivateFrameworks/CoreEmoji.framework/Versions/A/CoreEmoji
0x00000000152a2000 	/System/Library/Frameworks/ServiceManagement.framework/Versions/A/ServiceManagement
0x00000000152a2000 	/System/Library/PrivateFrameworks/BackgroundTaskManagement.framework/Versions/A/BackgroundTaskManagement
0x00000000152a2000 	/usr/lib/libxslt.1.dylib
0x00000000152a2000 	/System/Library/Frameworks/Carbon.framework/Versions/A/Frameworks/Ink.framework/Versions/A/Ink
0x00000000152a2000 	/System/Library/PrivateFrameworks/TextureIO.framework/Versions/A/TextureIO
0x00000000152a2000 	/usr/lib/libate.dylib
0x00000000152a2000 	/System/Library/PrivateFrameworks/CrashReporterSupport.framework/Versions/A/CrashReporterSupport
0x00000000152a2000 	/System/Library/PrivateFrameworks/Sharing.framework/Versions/A/Sharing
0x00000000152a2000 	/System/Library/PrivateFrameworks/IconServices.framework/Versions/A/IconServices
0x00000000152a2000 	/System/Library/PrivateFrameworks/Apple80211.framework/Versions/A/Apple80211
0x00000000152a2000 	/System/Library/PrivateFrameworks/CoreUtils.framework/Versions/A/CoreUtils
0x00000000152a2000 	/System/Library/Frameworks/CoreWLAN.framework/Versions/A/CoreWLAN
0x00000000152a2000 	/System/Library/Frameworks/IOBluetooth.framework/Versions/A/IOBluetooth
0x00000000152a2000 	/System/Library/PrivateFrameworks/ProtocolBuffer.framework/Versions/A/ProtocolBuffer
0x00000000152a2000 	/System/Library/PrivateFrameworks/CoreWiFi.framework/Versions/A/CoreWiFi
0x00000000152a2000 	/System/Library/Frameworks/CoreBluetooth.framework/Versions/A/CoreBluetooth
0x00000000152a2000 	/System/Library/PrivateFrameworks/DebugSymbols.framework/Versions/A/DebugSymbols
0x00000000152a2000 	/System/Library/PrivateFrameworks/CoreSymbolication.framework/Versions/A/CoreSymbolication
0x00000000152a2000 	/System/Library/PrivateFrameworks/Symbolication.framework/Versions/A/Symbolication
0x00000000152a2000 	/System/Library/PrivateFrameworks/AppleFSCompression.framework/Versions/A/AppleFSCompression
0x00000000152a2000 	/System/Library/PrivateFrameworks/SpeechRecognitionCore.framework/Versions/A/SpeechRecognitionCore
0x0000000108e00000 	/Library/Java/JavaVirtualMachines/jdk1.8.0_111.jdk/Contents/Home/jre/lib/server/libjvm.dylib
0x00000000152a2000 	/usr/lib/libstdc++.6.0.9.dylib
0x0000000107df1000 	/Library/Java/JavaVirtualMachines/jdk1.8.0_111.jdk/Contents/Home/jre/lib/libverify.dylib
0x0000000109da1000 	/Library/Java/JavaVirtualMachines/jdk1.8.0_111.jdk/Contents/Home/jre/lib/libjava.dylib
0x0000000109e1f000 	/Library/Java/JavaVirtualMachines/jdk1.8.0_111.jdk/Contents/Home/jre/lib/libzip.dylib
0x00000000152a2000 	/System/Library/Frameworks/JavaVM.framework/Versions/A/Frameworks/JavaRuntimeSupport.framework/Versions/A/JavaRuntimeSupport
0x00000000152a2000 	/System/Library/Frameworks/JavaVM.framework/Versions/A/Frameworks/JavaNativeFoundation.framework/Versions/A/JavaNativeFoundation
0x00000000152a2000 	/System/Library/Frameworks/JavaVM.framework/Versions/A/JavaVM
0x00000000152a2000 	/System/Library/Frameworks/Carbon.framework/Versions/A/Carbon
0x00000000152a2000 	/System/Library/PrivateFrameworks/JavaLaunching.framework/Versions/A/JavaLaunching
0x00000000152a2000 	/System/Library/Frameworks/Carbon.framework/Versions/A/Frameworks/CommonPanels.framework/Versions/A/CommonPanels
0x00000000152a2000 	/System/Library/Frameworks/Carbon.framework/Versions/A/Frameworks/Help.framework/Versions/A/Help
0x00000000152a2000 	/System/Library/Frameworks/Carbon.framework/Versions/A/Frameworks/ImageCapture.framework/Versions/A/ImageCapture
0x00000000152a2000 	/System/Library/Frameworks/Carbon.framework/Versions/A/Frameworks/OpenScripting.framework/Versions/A/OpenScripting
0x00000000152a2000 	/System/Library/Frameworks/Carbon.framework/Versions/A/Frameworks/Print.framework/Versions/A/Print
0x00000000152a2000 	/System/Library/Frameworks/Carbon.framework/Versions/A/Frameworks/SecurityHI.framework/Versions/A/SecurityHI
0x00000001269df000 	/Library/Java/JavaVirtualMachines/jdk1.8.0_111.jdk/Contents/Home/jre/lib/libprism_es2.dylib
0x00000000152a2000 	/System/Library/PrivateFrameworks/CoreServicesInternal.framework/Versions/A/CoreServicesInternal
0x00000000152a2000 	/System/Library/Frameworks/OpenGL.framework/Versions/A/Resources/GLEngine.bundle/GLEngine
0x00000000152a2000 	/System/Library/Frameworks/OpenGL.framework/Versions/A/Libraries/libGLProgrammability.dylib
0x0000000126a89000 	/System/Library/Extensions/AppleIntelHD5000GraphicsGLDriver.bundle/Contents/MacOS/AppleIntelHD5000GraphicsGLDriver
0x00000000152a2000 	/System/Library/PrivateFrameworks/GPUSupport.framework/Versions/A/Libraries/libGPUSupportMercury.dylib
0x00000000152a2000 	/System/Library/Extensions/GeForceGLDriver.bundle/Contents/MacOS/GeForceGLDriver
0x00000000152a2000 	/System/Library/Extensions/GeForceGLDriver.bundle/Contents/MacOS/libclh.dylib
0x00000000152a2000 	/System/Library/Frameworks/OpenGL.framework/Versions/A/Resources/GLRendererFloat.bundle/GLRendererFloat
0x00000000152a2000 	/System/Library/Frameworks/OpenCL.framework/Versions/A/Libraries/libcldcpuengine.dylib
0x00000000152a2000 	/usr/lib/libcrypto.35.dylib
0x00000000152a2000 	/System/Library/PrivateFrameworks/TrustEvaluationAgent.framework/Versions/A/TrustEvaluationAgent
0x0000000127667000 	/Library/Java/JavaVirtualMachines/jdk1.8.0_111.jdk/Contents/Home/jre/lib/libglass.dylib
0x00000000152a2000 	/System/Library/CoreServices/RawCamera.bundle/Contents/MacOS/RawCamera
0x00000000152a2000 	/System/Library/PrivateFrameworks/MobileAsset.framework/Versions/A/MobileAsset
0x00000000152a2000 	/System/Library/PrivateFrameworks/StreamingZip.framework/Versions/A/StreamingZip
0x00000000152a2000 	/System/Library/Frameworks/MediaToolbox.framework/Versions/A/MediaToolbox
0x00000000152a2000 	/System/Library/PrivateFrameworks/CoreAVCHD.framework/Versions/A/CoreAVCHD
0x00000000152a2000 	/System/Library/Frameworks/MediaAccessibility.framework/Versions/A/MediaAccessibility
0x00000000152a2000 	/System/Library/PrivateFrameworks/Mangrove.framework/Versions/A/Mangrove
0x00000000152a2000 	/System/Library/Frameworks/CoreMedia.framework/Versions/A/CoreMedia
0x00000000152a2000 	/System/Library/Frameworks/VideoToolbox.framework/Versions/A/VideoToolbox
0x00000000152a2000 	/System/Library/PrivateFrameworks/CoreAUC.framework/Versions/A/CoreAUC
0x00000000152a2000 	/usr/lib/libspindump.dylib
0x00000000152a2000 	/System/Library/PrivateFrameworks/AppleVA.framework/Versions/A/AppleVA
0x00000000152a2000 	/System/Library/Frameworks/Accelerate.framework/Versions/A/Frameworks/vImage.framework/Versions/A/Libraries/libCGInterfaces.dylib
0x00000000152a2000 	/System/Library/PrivateFrameworks/FamilyControls.framework/Versions/A/FamilyControls
0x00000000152a2000 	/System/Library/PrivateFrameworks/CommerceKit.framework/Versions/A/Frameworks/CommerceCore.framework/Versions/A/CommerceCore
0x00000000152a2000 	/System/Library/PrivateFrameworks/SystemAdministration.framework/Versions/A/SystemAdministration
0x00000000152a2000 	/System/Library/PrivateFrameworks/AppContainer.framework/Versions/A/AppContainer
0x00000000152a2000 	/System/Library/PrivateFrameworks/SecCodeWrapper.framework/Versions/A/SecCodeWrapper
0x00000000152a2000 	/System/Library/PrivateFrameworks/DiskManagement.framework/Versions/A/DiskManagement
0x00000000152a2000 	/System/Library/Frameworks/DirectoryService.framework/Versions/A/DirectoryService
0x00000000152a2000 	/System/Library/PrivateFrameworks/DiskImages.framework/Versions/A/DiskImages
0x00000000152a2000 	/System/Library/PrivateFrameworks/LoginUIKit.framework/Versions/A/Frameworks/LoginUICore.framework/Versions/A/LoginUICore
0x00000000152a2000 	/usr/lib/libCoreStorage.dylib
0x00000000152a2000 	/usr/lib/libcsfde.dylib
0x00000000152a2000 	/usr/lib/libodfde.dylib
0x00000000152a2000 	/System/Library/PrivateFrameworks/MediaKit.framework/Versions/A/MediaKit
0x00000000152a2000 	/System/Library/Frameworks/DiscRecording.framework/Versions/A/DiscRecording
0x00000000152a2000 	/System/Library/PrivateFrameworks/EFILogin.framework/Versions/A/EFILogin
0x00000000152a2000 	/System/Library/PrivateFrameworks/ProtectedCloudStorage.framework/Versions/A/ProtectedCloudStorage
0x00000000152a2000 	/usr/lib/libcurl.4.dylib
0x00000000152a2000 	/usr/lib/libssl.35.dylib
0x00000000152a2000 	/System/Library/Frameworks/LDAP.framework/Versions/A/LDAP
0x00000000152a2000 	/usr/lib/libsasl2.2.dylib
0x00000000152a2000 	/System/Library/PrivateFrameworks/CoreDaemon.framework/Versions/B/CoreDaemon
0x00000000152a2000 	/System/Library/PrivateFrameworks/AppleSRP.framework/Versions/A/AppleSRP
0x0000000129dab000 	/Library/Java/JavaVirtualMachines/jdk1.8.0_111.jdk/Contents/Home/jre/lib/libjavafx_font.dylib
0x0000000129db5000 	/Library/Java/JavaVirtualMachines/jdk1.8.0_111.jdk/Contents/Home/jre/lib/libnio.dylib
0x0000000129dc5000 	/Library/Java/JavaVirtualMachines/jdk1.8.0_111.jdk/Contents/Home/jre/lib/./libnet.dylib
0x00000000152a2000 	/System/Library/Frameworks/ApplicationServices.framework/Versions/A/Frameworks/ATS.framework/Versions/A/Resources/libTrueTypeScaler.dylib
0x000000012a5bc000 	/Library/Java/JavaVirtualMachines/jdk1.8.0_111.jdk/Contents/Home/jre/lib/libjavafx_iio.dylib
0x00000000152a2000 	/System/Library/Extensions/AppleIntelHD5000GraphicsMTLDriver.bundle/Contents/MacOS/AppleIntelHD5000GraphicsMTLDriver
0x00000000152a2000 	/System/Library/Extensions/GeForceMTLDriver.bundle/Contents/MacOS/GeForceMTLDriver
0x00000000152a2000 	/System/Library/PrivateFrameworks/GPUCompiler.framework/Versions/3802/Libraries/libmetal_timestamp.dylib
0x000000012d005000 	/Library/Java/JavaVirtualMachines/jdk1.8.0_111.jdk/Contents/Home/jre/lib/libprism_common.dylib
0x00000000152a2000 	/System/Library/PrivateFrameworks/ViewBridge.framework/Versions/A/ViewBridge
0x00000000152a2000 	/System/Library/PrivateFrameworks/login.framework/Versions/A/login
0x000000012f666000 	/Library/Java/JavaVirtualMachines/jdk1.8.0_111.jdk/Contents/Home/jre/lib/libawt.dylib
0x000000012f70e000 	/Library/Java/JavaVirtualMachines/jdk1.8.0_111.jdk/Contents/Home/jre/lib/./libmlib_image.dylib
0x000000012f7da000 	/Library/Java/JavaVirtualMachines/jdk1.8.0_111.jdk/Contents/Home/jre/lib/libawt_lwawt.dylib
0x000000012ef36000 	/Library/Java/JavaVirtualMachines/jdk1.8.0_111.jdk/Contents/Home/jre/lib/./libosxapp.dylib
0x00000000152a2000 	/System/Library/Frameworks/ExceptionHandling.framework/Versions/A/ExceptionHandling
0x000000013031c000 	/Library/Java/JavaVirtualMachines/jdk1.8.0_111.jdk/Contents/Home/jre/lib/libfontmanager.dylib
0x0000000130383000 	/Library/Java/JavaVirtualMachines/jdk1.8.0_111.jdk/Contents/Home/jre/lib/libosxui.dylib

VM Arguments:
jvm_args: -Dfile.encoding=UTF-8 
java_command: edu.unal.vista.Validation
java_class_path (initial): /Users/marlonbarreto/Documents/NetBeansProjects/AbductedFarmers/AbductedFarmers/build/classes
Launcher Type: SUN_STANDARD

Environment Variables:
PATH=/usr/bin:/bin:/usr/sbin:/sbin
LD_LIBRARY_PATH=/Library/Java/JavaVirtualMachines/jdk1.8.0_111.jdk/Contents/Home/jre/lib/amd64:/Library/Java/JavaVirtualMachines/jdk1.8.0_111.jdk/Contents/Home/jre/lib/i386:
SHELL=/bin/bash

Signal Handlers:
SIGSEGV: [libjvm.dylib+0x5b03ed], sa_mask[0]=11111111011111110111111111111111, sa_flags=SA_ONSTACK|SA_RESTART|SA_SIGINFO
SIGBUS: [libjvm.dylib+0x5b03ed], sa_mask[0]=11111111011111110111111111111111, sa_flags=SA_RESTART|SA_SIGINFO
SIGFPE: [libjvm.dylib+0x48711c], sa_mask[0]=11111111011111110111111111111111, sa_flags=SA_RESTART|SA_SIGINFO
SIGPIPE: [libjvm.dylib+0x48711c], sa_mask[0]=11111111011111110111111111111111, sa_flags=SA_RESTART|SA_SIGINFO
SIGXFSZ: [libjvm.dylib+0x48711c], sa_mask[0]=11111111011111110111111111111111, sa_flags=SA_RESTART|SA_SIGINFO
SIGILL: [libjvm.dylib+0x48711c], sa_mask[0]=11111111011111110111111111111111, sa_flags=SA_RESTART|SA_SIGINFO
SIGUSR1: SIG_DFL, sa_mask[0]=00000000000000000000000000000000, sa_flags=none
SIGUSR2: [libjvm.dylib+0x486c3a], sa_mask[0]=00100000000000000000000000000000, sa_flags=SA_RESTART|SA_SIGINFO
SIGHUP: [libjvm.dylib+0x485211], sa_mask[0]=11111111011111110111111111111111, sa_flags=SA_RESTART|SA_SIGINFO
SIGINT: SIG_IGN, sa_mask[0]=00000000000000000000000000000000, sa_flags=none
SIGTERM: [libjvm.dylib+0x485211], sa_mask[0]=11111111011111110111111111111111, sa_flags=SA_RESTART|SA_SIGINFO
SIGQUIT: [libjvm.dylib+0x485211], sa_mask[0]=11111111011111110111111111111111, sa_flags=SA_RESTART|SA_SIGINFO


---------------  S Y S T E M  ---------------

OS:Bsduname:Darwin 17.6.0 Darwin Kernel Version 17.6.0: Tue May  8 15:33:09 PDT 2018; root:xnu-4570.61.1~2/RELEASE_X86_64 x86_64
rlimit: STACK 8192k, CORE 0k, NPROC 1418, NOFILE 10240, AS infinity
load average:3.03 3.06 2.99

CPU:total 8 (4 cores per cpu, 2 threads per core) family 6 model 70 stepping 1, cmov, cx8, fxsr, mmx, sse, sse2, sse3, ssse3, sse4.1, sse4.2, popcnt, avx, avx2, aes, clmul, erms, lzcnt, ht, tsc, tscinvbit, bmi1, bmi2

Memory: 4k page, physical 16777216k(2946176k free)

/proc/meminfo:


vm_info: Java HotSpot(TM) 64-Bit Server VM (25.111-b14) for bsd-amd64 JRE (1.8.0_111-b14), built on Sep 22 2016 15:31:41 by "java_re" with gcc 4.2.1 (Based on Apple Inc. build 5658) (LLVM build 2336.11.00)

time: Mon May 28 21:27:43 2018
elapsed time: 4 seconds (0d 0h 0m 4s)

