#
# A fatal error has been detected by the Java Runtime Environment:
#
#  SIGSEGV (0xb) at pc=0x00007fff40b7ec63, pid=38687, tid=0x0000000000000307
#
# JRE version: Java(TM) SE Runtime Environment (8.0_111-b14) (build 1.8.0_111-b14)
# Java VM: Java HotSpot(TM) 64-Bit Server VM (25.111-b14 mixed mode bsd-amd64 compressed oops)
# Problematic frame:
# C  [JavaNativeFoundation+0x6c63]  -[JNFJObjectWrapper jObjectWithEnv:]+0x1e
#
# Failed to write core dump. Core dumps have been disabled. To enable core dumping, try "ulimit -c unlimited" before starting Java again
#
# If you would like to submit a bug report, please visit:
#   http://bugreport.java.com/bugreport/crash.jsp
#

---------------  T H R E A D  ---------------

Current thread is native thread

siginfo: si_signo: 11 (SIGSEGV), si_code: 1 (SEGV_MAPERR), si_addr: 0x00000000000000c7

Registers:
RAX=0x00007fad856cfc08, RBX=0x00007fad8789b9f8, RCX=0xffffffffffffffff, RDX=0x00007fad8789b9f8
RSP=0x00007ffee24b3ff0, RBP=0x00007ffee24b4000, RSI=0x00007fff40b805f3, RDI=0x00007fad85607a80
R8 =0x00007fad89821e30, R9 =0x0000000000000000, R10=0x00007fff976f9e88, R11=0x00007fad8cc6a030
R12=0x00007fad8789b9f8, R13=0x00007fad8b300ab0, R14=0x00007fad87a5f000, R15=0x00007fad85608650
RIP=0x00007fff40b7ec63, EFLAGS=0x0000000000010202, ERR=0x0000000000000004
  TRAPNO=0x000000000000000e

Top of Stack: (sp=0x00007ffee24b3ff0)
0x00007ffee24b3ff0:   00007fad85607a00 00007fad8b463670
0x00007ffee24b4000:   00007ffee24b4060 000000013559b8d5
0x00007ffee24b4010:   00007fff3b072377 0000000000000000
0x00007ffee24b4020:   411165f2ad89b8af 00007fad87a5f000
0x00007ffee24b4030:   00007ffee24b4060 00007fff6401ee80
0x00007ffee24b4040:   00007fad85608650 00007fad8b300ab0
0x00007ffee24b4050:   00007fad856a09f0 00007fad87a5f000
0x00007ffee24b4060:   00007ffee24b4110 00007fff48205fa2
0x00007ffee24b4070:   00007fad85608650 0000000000000000
0x00007ffee24b4080:   0000000000000000 00007fad85608650
0x00007ffee24b4090:   0000000000000000 0000000000000000
0x00007ffee24b40a0:   00007ffee24b40f0 0000048400000004
0x00007ffee24b40b0:   0000000000000000 411165f2ad89b8af
0x00007ffee24b40c0:   00007fad8709af90 0000000000000000
0x00007ffee24b40d0:   0000000000000000 00007ffee24b40f0
0x00007ffee24b40e0:   00007fad85608650 00007fff6401ee80
0x00007ffee24b40f0:   0000000000000004 0000000000000000
0x00007ffee24b4100:   00007fad85608650 00007fff3b072377
0x00007ffee24b4110:   00007ffee24b4180 00007fff482055f3
0x00007ffee24b4120:   0000000000000000 0000000000000000
0x00007ffee24b4130:   4089000000000000 4082100000000000
0x00007ffee24b4140:   4082100000000000 4089000000000000
0x00007ffee24b4150:   4000000000000000 00007ffee24b4250
0x00007ffee24b4160:   00007fff6401ee80 0000000000000000
0x00007ffee24b4170:   00007fff3b074372 00007fad8b2008c0
0x00007ffee24b4180:   00007ffee24b5250 00007fff481a5e4d
0x00007ffee24b4190:   00007ffee24b5250 00007fff481a5d1d
0x00007ffee24b41a0:   00007ffee24b4250 0000000000000000
0x00007ffee24b41b0:   0000000000000001 00007fad8695b600
0x00007ffee24b41c0:   00007ffee24b4220 0000020000000100
0x00007ffee24b41d0:   00007ffe00000000 00007fff64e07256
0x00007ffee24b41e0:   0000000000000008 00007ffee24b4250 

Instructions: (pc=0x00007fff40b7ec63)
0x00007fff40b7ec43:   5d c3 55 48 89 e5 53 50 48 89 d3 48 8b 35 53 ad
0x00007fff40b7ec53:   b7 56 ff 15 05 94 b7 56 48 85 c0 74 18 48 8b 0b
0x00007fff40b7ec63:   48 8b 89 c8 00 00 00 48 89 df 48 89 c6 48 83 c4
0x00007fff40b7ec73:   08 5b 5d ff e1 31 c0 48 83 c4 08 5b 5d c3 55 48 

Register to memory mapping:

RAX=0x00007fad856cfc08 is a global jni handle
RBX=0x00007fad8789b9f8 is an unknown value
RCX=0xffffffffffffffff is an unknown value
RDX=0x00007fad8789b9f8 is an unknown value
RSP=0x00007ffee24b3ff0 is an unknown value
RBP=0x00007ffee24b4000 is an unknown value
RSI=0x00007fff40b805f3: GCC_except_table2+0x613 in /System/Library/Frameworks/JavaVM.framework/Versions/A/Frameworks/JavaNativeFoundation.framework/Versions/A/JavaNativeFoundation at 0x00007fff40b78000
RDI=0x00007fad85607a80 is an unknown value
R8 =0x00007fad89821e30 is an unknown value
R9 =0x0000000000000000 is an unknown value
R10=0x00007fff976f9e88: OBJC_CLASS_$_JNFJObjectWrapper+0 in /System/Library/Frameworks/JavaVM.framework/Versions/A/Frameworks/JavaNativeFoundation.framework/Versions/A/JavaNativeFoundation at 0x00007fff40b78000
R11=0x00007fad8cc6a030 is an unknown value
R12=0x00007fad8789b9f8 is an unknown value
R13=0x00007fad8b300ab0 is an unknown value
R14=0x00007fad87a5f000 is an unknown value
R15=0x00007fad85608650 is an unknown value


Stack: [0x00007ffee1cb8000,0x00007ffee24b8000],  sp=0x00007ffee24b3ff0,  free space=8175k
Native frames: (J=compiled Java code, j=interpreted, Vv=VM code, C=native code)
C  [JavaNativeFoundation+0x6c63]  -[JNFJObjectWrapper jObjectWithEnv:]+0x1e
C  [libawt_lwawt.dylib+0x198d5]  -[CGLLayer drawInCGLContext:pixelFormat:forLayerTime:displayTime:]+0xee
C  [QuartzCore+0x71fa2]  CAOpenGLLayerDraw(CAOpenGLLayer*, double, CVTimeStamp const*, unsigned int)+0x7a7
C  [QuartzCore+0x715f3]  -[CAOpenGLLayer _display]+0x235
C  [QuartzCore+0x11e4d]  CA::Layer::display_if_needed(CA::Transaction*)+0x279
C  [QuartzCore+0x1190b]  CA::Layer::layout_and_display_if_needed(CA::Transaction*)+0x23
C  [QuartzCore+0x108fc]  CA::Context::commit_transaction(CA::Transaction*)+0x146
C  [QuartzCore+0x10495]  CA::Transaction::commit()+0x1e7
C  [QuartzCore+0x1c95a]  CA::Transaction::observer_callback(__CFRunLoopObserver*, unsigned long, void*)+0x42
C  [CoreFoundation+0xa3467]  __CFRUNLOOP_IS_CALLING_OUT_TO_AN_OBSERVER_CALLBACK_FUNCTION__+0x17
C  [CoreFoundation+0xa338f]  __CFRunLoopDoObservers+0x20f
C  [CoreFoundation+0x85a70]  __CFRunLoopRun+0x640
C  [CoreFoundation+0x851a3]  CFRunLoopRunSpecific+0x1e3
C  [java+0x6465]  CreateExecutionEnvironment+0x367
C  [java+0x218c]  JLI_Launch+0x7a0
C  [java+0x84c2]  main+0x65
C  [java+0x19e4]  start+0x34


---------------  P R O C E S S  ---------------

VM state:not at safepoint (normal execution)

VM Mutex/Monitor currently owned by a thread: None

Heap:
 PSYoungGen      total 76288K, used 43666K [0x000000076ab00000, 0x0000000770000000, 0x00000007c0000000)
  eden space 65536K, 66% used [0x000000076ab00000,0x000000076d5a4808,0x000000076eb00000)
  from space 10752K, 0% used [0x000000076f580000,0x000000076f580000,0x0000000770000000)
  to   space 10752K, 0% used [0x000000076eb00000,0x000000076eb00000,0x000000076f580000)
 ParOldGen       total 175104K, used 0K [0x00000006c0000000, 0x00000006cab00000, 0x000000076ab00000)
  object space 175104K, 0% used [0x00000006c0000000,0x00000006c0000000,0x00000006cab00000)
 Metaspace       used 19397K, capacity 20090K, committed 20480K, reserved 1067008K
  class space    used 2770K, capacity 2979K, committed 3072K, reserved 1048576K

Card table byte_map: [0x000000011ef67000,0x000000011f768000] byte_map_base: 0x000000011b967000

Marking Bits: (ParMarkBitMap*) 0x000000010f4f5d20
 Begin Bits: [0x000000011fcbe000, 0x0000000123cbe000)
 End Bits:   [0x0000000123cbe000, 0x0000000127cbe000)

Polling page: 0x000000010d7d0000

CodeCache: size=245760Kb used=5149Kb max_used=5152Kb free=240610Kb
 bounds [0x000000010fba7000, 0x00000001100b7000, 0x000000011eba7000]
 total_blobs=2413 nmethods=1631 adapters=695
 compilation: enabled

Compilation events (10 events):
Event: 11.864 Thread 0x00007fad86050800 1627       3       sun.java2d.loops.GraphicsPrimitiveMgr$1::compare (39 bytes)
Event: 11.864 Thread 0x00007fad86050800 nmethod 1627 0x00000001100acbd0 code [0x00000001100acd60, 0x00000001100ad270]
Event: 11.865 Thread 0x00007fad8604f800 1628       4       sun.java2d.loops.GraphicsPrimitiveMgr$1::compare (39 bytes)
Event: 11.866 Thread 0x00007fad8604f800 nmethod 1628 0x00000001100b0090 code [0x00000001100b01e0, 0x00000001100b02f8]
Event: 11.871 Thread 0x00007fad86050800 1630       3       sun.reflect.ConstructorAccessorImpl::<init> (5 bytes)
Event: 11.871 Thread 0x00007fad86050800 nmethod 1630 0x00000001100afa10 code [0x00000001100afb80, 0x00000001100afd90]
Event: 11.871 Thread 0x00007fad86050800 1629       1       java.lang.reflect.Constructor::getConstructorAccessor (5 bytes)
Event: 11.872 Thread 0x00007fad86050800 nmethod 1629 0x00000001100af750 code [0x00000001100af8a0, 0x00000001100af9b0]
Event: 11.875 Thread 0x00007fad86050800 1631   !   3       sun.awt.AppContext::get (123 bytes)
Event: 11.876 Thread 0x00007fad86050800 nmethod 1631 0x00000001100ae150 code [0x00000001100ae300, 0x00000001100aec28]

GC Heap History (0 events):
No events

Deoptimization events (10 events):
Event: 0.979 Thread 0x00007fad8789b800 Uncommon trap: reason=class_check action=maybe_recompile pc=0x000000010fde0dc4 method=java.io.DataInputStream.readShort()S @ 4
Event: 0.984 Thread 0x00007fad8789b800 Uncommon trap: reason=class_check action=maybe_recompile pc=0x000000010fcc311c method=java.lang.String.equals(Ljava/lang/Object;)Z @ 8
Event: 0.984 Thread 0x00007fad8789b800 Uncommon trap: reason=class_check action=maybe_recompile pc=0x000000010fcc311c method=java.lang.String.equals(Ljava/lang/Object;)Z @ 8
Event: 0.984 Thread 0x00007fad8789b800 Uncommon trap: reason=class_check action=maybe_recompile pc=0x000000010fcc311c method=java.lang.String.equals(Ljava/lang/Object;)Z @ 8
Event: 0.986 Thread 0x00007fad8789b800 Uncommon trap: reason=class_check action=maybe_recompile pc=0x000000010fcc311c method=java.lang.String.equals(Ljava/lang/Object;)Z @ 8
Event: 1.268 Thread 0x00007fad8789b800 Uncommon trap: reason=unstable_if action=reinterpret pc=0x000000010fe891b4 method=jdk.internal.org.objectweb.asm.Type.getArgumentsAndReturnSizes(Ljava/lang/String;)I @ 47
Event: 11.629 Thread 0x00007fad8789b800 Uncommon trap: reason=unstable_if action=reinterpret pc=0x000000010fec0cf8 method=sun.misc.URLClassPath$JarLoader.ensureOpen()V @ 4
Event: 11.725 Thread 0x00007fad8789b800 Uncommon trap: reason=unstable_if action=reinterpret pc=0x000000010fd5bda0 method=java.lang.String.startsWith(Ljava/lang/String;I)Z @ 25
Event: 11.729 Thread 0x00007fad8789b800 Uncommon trap: reason=unstable_if action=reinterpret pc=0x000000010fe7ff88 method=java.lang.AbstractStringBuilder.append(Ljava/lang/String;)Ljava/lang/AbstractStringBuilder; @ 1
Event: 11.729 Thread 0x00007fad8789b800 Uncommon trap: reason=unstable_if action=reinterpret pc=0x000000010fdb8854 method=java.lang.AbstractStringBuilder.append(Ljava/lang/String;)Ljava/lang/AbstractStringBuilder; @ 1

Internal exceptions (10 events):
Event: 0.129 Thread 0x00007fad8580d000 Exception <a 'java/security/PrivilegedActionException'> (0x000000076ae5eba8) thrown at [/Users/java_re/workspace/8-2-build-macosx-x86_64/jdk8u111/7883/hotspot/src/share/vm/prims/jvm.cpp, line 1386]
Event: 0.129 Thread 0x00007fad8580d000 Exception <a 'java/lang/NullPointerException'> (0x000000076ae5f398) thrown at [/Users/java_re/workspace/8-2-build-macosx-x86_64/jdk8u111/7883/hotspot/src/share/vm/interpreter/linkResolver.cpp, line 1178]
Event: 0.530 Thread 0x00007fad8789b800 Exception <a 'java/lang/NullPointerException'> (0x000000076ba7dbe0) thrown at [/Users/java_re/workspace/8-2-build-macosx-x86_64/jdk8u111/7883/hotspot/src/share/vm/interpreter/linkResolver.cpp, line 1178]
Event: 0.530 Thread 0x00007fad8789b800 Exception <a 'java/lang/NullPointerException'> (0x000000076ba7dbe0) thrown at [/Users/java_re/workspace/8-2-build-macosx-x86_64/jdk8u111/7883/hotspot/src/share/vm/prims/jvm.cpp, line 1390]
Event: 0.907 Thread 0x00007fad8789b800 Implicit null exception at 0x000000010fdf42b5 to 0x000000010fdf44b1
Event: 11.629 Thread 0x00007fad8789b800 Implicit null exception at 0x000000010febfc42 to 0x000000010fec0ced
Event: 11.633 Thread 0x00007fad8789b800 Exception <a 'java/io/FileNotFoundException'> (0x000000076cfd4d28) thrown at [/Users/java_re/workspace/8-2-build-macosx-x86_64/jdk8u111/7883/hotspot/src/share/vm/prims/jni.cpp, line 709]
Event: 11.633 Thread 0x00007fad8789b800 Exception <a 'java/io/FileNotFoundException'> (0x000000076cfd5ab8) thrown at [/Users/java_re/workspace/8-2-build-macosx-x86_64/jdk8u111/7883/hotspot/src/share/vm/prims/jni.cpp, line 709]
Event: 11.729 Thread 0x00007fad8789b800 Implicit null exception at 0x000000010fe7fbb5 to 0x000000010fe7ff75
Event: 11.729 Thread 0x00007fad8789b800 Implicit null exception at 0x000000010fdb8476 to 0x000000010fdb883d

Events (10 events):
Event: 11.875 loading class com/sun/javafx/tk/quantum/QuantumToolkit done
Event: 11.875 Thread 0x00007fad868ae800 Thread exited: 0x00007fad868ae800
Event: 11.875 Thread 0x00007fad878f4000 Thread exited: 0x00007fad878f4000
Event: 11.875 Thread 0x00007fad8580d000 Thread exited: 0x00007fad8580d000
Event: 11.876 Thread 0x00007fad868ae800 Thread added: 0x00007fad868ae800
Event: 11.876 Thread 0x00007fad8789b800 Thread exited: 0x00007fad8789b800
Event: 11.876 Executing VM operation: RevokeBias
Event: 11.876 Executing VM operation: RevokeBias done
Event: 11.876 loading class sun/lwawt/macosx/CCustomCursor
Event: 11.876 loading class sun/lwawt/macosx/CCustomCursor done


Dynamic libraries:
0x00000000152a2000 	/System/Library/Frameworks/Cocoa.framework/Versions/A/Cocoa
0x00000000152a2000 	/System/Library/Frameworks/Security.framework/Versions/A/Security
0x00000000152a2000 	/System/Library/Frameworks/ApplicationServices.framework/Versions/A/ApplicationServices
0x00000000152a2000 	/usr/lib/libz.1.dylib
0x00000000152a2000 	/usr/lib/libSystem.B.dylib
0x00000000152a2000 	/usr/lib/libobjc.A.dylib
0x00000000152a2000 	/System/Library/Frameworks/CoreFoundation.framework/Versions/A/CoreFoundation
0x00000000152a2000 	/System/Library/Frameworks/Foundation.framework/Versions/C/Foundation
0x00000000152a2000 	/System/Library/Frameworks/AppKit.framework/Versions/C/AppKit
0x00000000152a2000 	/System/Library/Frameworks/CoreData.framework/Versions/A/CoreData
0x00000000152a2000 	/System/Library/PrivateFrameworks/RemoteViewServices.framework/Versions/A/RemoteViewServices
0x00000000152a2000 	/System/Library/PrivateFrameworks/UIFoundation.framework/Versions/A/UIFoundation
0x00000000152a2000 	/System/Library/PrivateFrameworks/DFRFoundation.framework/Versions/A/DFRFoundation
0x00000000152a2000 	/System/Library/Frameworks/Metal.framework/Versions/A/Metal
0x00000000152a2000 	/System/Library/PrivateFrameworks/DesktopServicesPriv.framework/Versions/A/DesktopServicesPriv
0x00000000152a2000 	/usr/lib/libenergytrace.dylib
0x00000000152a2000 	/System/Library/PrivateFrameworks/SkyLight.framework/Versions/A/SkyLight
0x00000000152a2000 	/System/Library/Frameworks/CoreGraphics.framework/Versions/A/CoreGraphics
0x00000000152a2000 	/usr/lib/libScreenReader.dylib
0x00000000152a2000 	/System/Library/Frameworks/Accelerate.framework/Versions/A/Accelerate
0x00000000152a2000 	/System/Library/Frameworks/IOSurface.framework/Versions/A/IOSurface
0x00000000152a2000 	/System/Library/Frameworks/AudioToolbox.framework/Versions/A/AudioToolbox
0x00000000152a2000 	/System/Library/Frameworks/AudioUnit.framework/Versions/A/AudioUnit
0x00000000152a2000 	/System/Library/PrivateFrameworks/DataDetectorsCore.framework/Versions/A/DataDetectorsCore
0x00000000152a2000 	/System/Library/Frameworks/Carbon.framework/Versions/A/Frameworks/HIToolbox.framework/Versions/A/HIToolbox
0x00000000152a2000 	/usr/lib/libicucore.A.dylib
0x00000000152a2000 	/System/Library/Frameworks/QuartzCore.framework/Versions/A/QuartzCore
0x00000000152a2000 	/System/Library/PrivateFrameworks/SignpostNotification.framework/Versions/A/SignpostNotification
0x00000000152a2000 	/System/Library/Frameworks/Carbon.framework/Versions/A/Frameworks/SpeechRecognition.framework/Versions/A/SpeechRecognition
0x00000000152a2000 	/usr/lib/libauto.dylib
0x00000000152a2000 	/usr/lib/libxml2.2.dylib
0x00000000152a2000 	/System/Library/PrivateFrameworks/CoreUI.framework/Versions/A/CoreUI
0x00000000152a2000 	/System/Library/Frameworks/CoreAudio.framework/Versions/A/CoreAudio
0x00000000152a2000 	/System/Library/Frameworks/DiskArbitration.framework/Versions/A/DiskArbitration
0x00000000152a2000 	/usr/lib/liblangid.dylib
0x00000000152a2000 	/System/Library/PrivateFrameworks/MultitouchSupport.framework/Versions/A/MultitouchSupport
0x00000000152a2000 	/System/Library/Frameworks/IOKit.framework/Versions/A/IOKit
0x00000000152a2000 	/usr/lib/libDiagnosticMessagesClient.dylib
0x00000000152a2000 	/System/Library/Frameworks/CoreServices.framework/Versions/A/CoreServices
0x00000000152a2000 	/System/Library/PrivateFrameworks/PerformanceAnalysis.framework/Versions/A/PerformanceAnalysis
0x00000000152a2000 	/System/Library/Frameworks/OpenGL.framework/Versions/A/OpenGL
0x00000000152a2000 	/System/Library/Frameworks/ColorSync.framework/Versions/A/ColorSync
0x00000000152a2000 	/System/Library/Frameworks/CoreImage.framework/Versions/A/CoreImage
0x00000000152a2000 	/System/Library/Frameworks/CoreText.framework/Versions/A/CoreText
0x00000000152a2000 	/System/Library/Frameworks/ImageIO.framework/Versions/A/ImageIO
0x00000000152a2000 	/System/Library/PrivateFrameworks/Backup.framework/Versions/A/Backup
0x00000000152a2000 	/usr/lib/libarchive.2.dylib
0x00000000152a2000 	/System/Library/Frameworks/CFNetwork.framework/Versions/A/CFNetwork
0x00000000152a2000 	/System/Library/Frameworks/SystemConfiguration.framework/Versions/A/SystemConfiguration
0x00000000152a2000 	/usr/lib/libCRFSuite.dylib
0x00000000152a2000 	/usr/lib/libc++.1.dylib
0x00000000152a2000 	/usr/lib/libc++abi.dylib
0x00000000152a2000 	/usr/lib/system/libcache.dylib
0x00000000152a2000 	/usr/lib/system/libcommonCrypto.dylib
0x00000000152a2000 	/usr/lib/system/libcompiler_rt.dylib
0x00000000152a2000 	/usr/lib/system/libcopyfile.dylib
0x00000000152a2000 	/usr/lib/system/libcorecrypto.dylib
0x00000000152a2000 	/usr/lib/system/libdispatch.dylib
0x00000000152a2000 	/usr/lib/system/libdyld.dylib
0x00000000152a2000 	/usr/lib/system/libkeymgr.dylib
0x00000000152a2000 	/usr/lib/system/liblaunch.dylib
0x00000000152a2000 	/usr/lib/system/libmacho.dylib
0x00000000152a2000 	/usr/lib/system/libquarantine.dylib
0x00000000152a2000 	/usr/lib/system/libremovefile.dylib
0x00000000152a2000 	/usr/lib/system/libsystem_asl.dylib
0x00000000152a2000 	/usr/lib/system/libsystem_blocks.dylib
0x00000000152a2000 	/usr/lib/system/libsystem_c.dylib
0x00000000152a2000 	/usr/lib/system/libsystem_configuration.dylib
0x00000000152a2000 	/usr/lib/system/libsystem_coreservices.dylib
0x00000000152a2000 	/usr/lib/system/libsystem_darwin.dylib
0x00000000152a2000 	/usr/lib/system/libsystem_dnssd.dylib
0x00000000152a2000 	/usr/lib/system/libsystem_info.dylib
0x00000000152a2000 	/usr/lib/system/libsystem_m.dylib
0x00000000152a2000 	/usr/lib/system/libsystem_malloc.dylib
0x00000000152a2000 	/usr/lib/system/libsystem_network.dylib
0x00000000152a2000 	/usr/lib/system/libsystem_networkextension.dylib
0x00000000152a2000 	/usr/lib/system/libsystem_notify.dylib
0x00000000152a2000 	/usr/lib/system/libsystem_sandbox.dylib
0x00000000152a2000 	/usr/lib/system/libsystem_secinit.dylib
0x00000000152a2000 	/usr/lib/system/libsystem_kernel.dylib
0x00000000152a2000 	/usr/lib/system/libsystem_platform.dylib
0x00000000152a2000 	/usr/lib/system/libsystem_pthread.dylib
0x00000000152a2000 	/usr/lib/system/libsystem_symptoms.dylib
0x00000000152a2000 	/usr/lib/system/libsystem_trace.dylib
0x00000000152a2000 	/usr/lib/system/libunwind.dylib
0x00000000152a2000 	/usr/lib/system/libxpc.dylib
0x00000000152a2000 	/usr/lib/closure/libclosured.dylib
0x00000000152a2000 	/usr/lib/libbsm.0.dylib
0x00000000152a2000 	/usr/lib/system/libkxld.dylib
0x00000000152a2000 	/usr/lib/libOpenScriptingUtil.dylib
0x00000000152a2000 	/usr/lib/libcoretls.dylib
0x00000000152a2000 	/usr/lib/libcoretls_cfhelpers.dylib
0x00000000152a2000 	/usr/lib/libpam.2.dylib
0x00000000152a2000 	/usr/lib/libsqlite3.dylib
0x00000000152a2000 	/usr/lib/libxar.1.dylib
0x00000000152a2000 	/usr/lib/libbz2.1.0.dylib
0x00000000152a2000 	/usr/lib/liblzma.5.dylib
0x00000000152a2000 	/usr/lib/libnetwork.dylib
0x00000000152a2000 	/usr/lib/libapple_nghttp2.dylib
0x00000000152a2000 	/usr/lib/libpcap.A.dylib
0x00000000152a2000 	/usr/lib/libboringssl.dylib
0x00000000152a2000 	/usr/lib/libusrtcp.dylib
0x00000000152a2000 	/usr/lib/libapple_crypto.dylib
0x00000000152a2000 	/System/Library/Frameworks/CoreServices.framework/Versions/A/Frameworks/FSEvents.framework/Versions/A/FSEvents
0x00000000152a2000 	/System/Library/Frameworks/CoreServices.framework/Versions/A/Frameworks/CarbonCore.framework/Versions/A/CarbonCore
0x00000000152a2000 	/System/Library/Frameworks/CoreServices.framework/Versions/A/Frameworks/Metadata.framework/Versions/A/Metadata
0x00000000152a2000 	/System/Library/Frameworks/CoreServices.framework/Versions/A/Frameworks/OSServices.framework/Versions/A/OSServices
0x00000000152a2000 	/System/Library/Frameworks/CoreServices.framework/Versions/A/Frameworks/SearchKit.framework/Versions/A/SearchKit
0x00000000152a2000 	/System/Library/Frameworks/CoreServices.framework/Versions/A/Frameworks/AE.framework/Versions/A/AE
0x00000000152a2000 	/System/Library/Frameworks/CoreServices.framework/Versions/A/Frameworks/LaunchServices.framework/Versions/A/LaunchServices
0x00000000152a2000 	/System/Library/Frameworks/CoreServices.framework/Versions/A/Frameworks/DictionaryServices.framework/Versions/A/DictionaryServices
0x00000000152a2000 	/System/Library/Frameworks/CoreServices.framework/Versions/A/Frameworks/SharedFileList.framework/Versions/A/SharedFileList
0x00000000152a2000 	/System/Library/Frameworks/NetFS.framework/Versions/A/NetFS
0x00000000152a2000 	/System/Library/PrivateFrameworks/NetAuth.framework/Versions/A/NetAuth
0x00000000152a2000 	/System/Library/PrivateFrameworks/login.framework/Versions/A/Frameworks/loginsupport.framework/Versions/A/loginsupport
0x00000000152a2000 	/System/Library/PrivateFrameworks/TCC.framework/Versions/A/TCC
0x00000000152a2000 	/usr/lib/libmecabra.dylib
0x00000000152a2000 	/System/Library/Frameworks/ApplicationServices.framework/Versions/A/Frameworks/ATS.framework/Versions/A/ATS
0x00000000152a2000 	/System/Library/Frameworks/ApplicationServices.framework/Versions/A/Frameworks/ColorSyncLegacy.framework/Versions/A/ColorSyncLegacy
0x00000000152a2000 	/System/Library/Frameworks/ApplicationServices.framework/Versions/A/Frameworks/HIServices.framework/Versions/A/HIServices
0x00000000152a2000 	/System/Library/Frameworks/ApplicationServices.framework/Versions/A/Frameworks/LangAnalysis.framework/Versions/A/LangAnalysis
0x00000000152a2000 	/System/Library/Frameworks/ApplicationServices.framework/Versions/A/Frameworks/PrintCore.framework/Versions/A/PrintCore
0x00000000152a2000 	/System/Library/Frameworks/ApplicationServices.framework/Versions/A/Frameworks/QD.framework/Versions/A/QD
0x00000000152a2000 	/System/Library/Frameworks/ApplicationServices.framework/Versions/A/Frameworks/SpeechSynthesis.framework/Versions/A/SpeechSynthesis
0x00000000152a2000 	/System/Library/Frameworks/CoreDisplay.framework/Versions/A/CoreDisplay
0x00000000152a2000 	/System/Library/Frameworks/Accelerate.framework/Versions/A/Frameworks/vImage.framework/Versions/A/vImage
0x00000000152a2000 	/System/Library/Frameworks/Accelerate.framework/Versions/A/Frameworks/vecLib.framework/Versions/A/vecLib
0x00000000152a2000 	/System/Library/Frameworks/Accelerate.framework/Versions/A/Frameworks/vecLib.framework/Versions/A/libvDSP.dylib
0x00000000152a2000 	/System/Library/Frameworks/Accelerate.framework/Versions/A/Frameworks/vecLib.framework/Versions/A/libBNNS.dylib
0x00000000152a2000 	/System/Library/Frameworks/Accelerate.framework/Versions/A/Frameworks/vecLib.framework/Versions/A/libQuadrature.dylib
0x00000000152a2000 	/System/Library/Frameworks/Accelerate.framework/Versions/A/Frameworks/vecLib.framework/Versions/A/libvMisc.dylib
0x00000000152a2000 	/System/Library/Frameworks/Accelerate.framework/Versions/A/Frameworks/vecLib.framework/Versions/A/libLAPACK.dylib
0x00000000152a2000 	/System/Library/Frameworks/Accelerate.framework/Versions/A/Frameworks/vecLib.framework/Versions/A/libBLAS.dylib
0x00000000152a2000 	/System/Library/Frameworks/Accelerate.framework/Versions/A/Frameworks/vecLib.framework/Versions/A/libLinearAlgebra.dylib
0x00000000152a2000 	/System/Library/Frameworks/Accelerate.framework/Versions/A/Frameworks/vecLib.framework/Versions/A/libSparse.dylib
0x00000000152a2000 	/System/Library/Frameworks/Accelerate.framework/Versions/A/Frameworks/vecLib.framework/Versions/A/libSparseBLAS.dylib
0x00000000152a2000 	/System/Library/PrivateFrameworks/GPUWrangler.framework/Versions/A/GPUWrangler
0x00000000152a2000 	/System/Library/PrivateFrameworks/IOAccelerator.framework/Versions/A/IOAccelerator
0x00000000152a2000 	/System/Library/PrivateFrameworks/IOPresentment.framework/Versions/A/IOPresentment
0x00000000152a2000 	/System/Library/PrivateFrameworks/DSExternalDisplay.framework/Versions/A/DSExternalDisplay
0x00000000152a2000 	/System/Library/Frameworks/OpenGL.framework/Versions/A/Libraries/libCoreFSCache.dylib
0x00000000152a2000 	/System/Library/Frameworks/CoreVideo.framework/Versions/A/CoreVideo
0x00000000152a2000 	/System/Library/PrivateFrameworks/GraphVisualizer.framework/Versions/A/GraphVisualizer
0x00000000152a2000 	/System/Library/Frameworks/MetalPerformanceShaders.framework/Versions/A/MetalPerformanceShaders
0x00000000152a2000 	/usr/lib/libFosl_dynamic.dylib
0x00000000152a2000 	/System/Library/PrivateFrameworks/FaceCore.framework/Versions/A/FaceCore
0x00000000152a2000 	/System/Library/Frameworks/OpenCL.framework/Versions/A/OpenCL
0x00000000152a2000 	/usr/lib/libcompression.dylib
0x00000000152a2000 	/System/Library/Frameworks/ApplicationServices.framework/Versions/A/Frameworks/ATS.framework/Versions/A/Resources/libFontParser.dylib
0x00000000152a2000 	/System/Library/Frameworks/ApplicationServices.framework/Versions/A/Frameworks/ATS.framework/Versions/A/Resources/libFontRegistry.dylib
0x00000000152a2000 	/System/Library/Frameworks/ImageIO.framework/Versions/A/Resources/libJPEG.dylib
0x00000000152a2000 	/System/Library/Frameworks/ImageIO.framework/Versions/A/Resources/libTIFF.dylib
0x00000000152a2000 	/System/Library/Frameworks/ImageIO.framework/Versions/A/Resources/libPng.dylib
0x00000000152a2000 	/System/Library/Frameworks/ImageIO.framework/Versions/A/Resources/libGIF.dylib
0x00000000152a2000 	/System/Library/Frameworks/ImageIO.framework/Versions/A/Resources/libJP2.dylib
0x00000000152a2000 	/System/Library/Frameworks/ImageIO.framework/Versions/A/Resources/libRadiance.dylib
0x00000000152a2000 	/System/Library/PrivateFrameworks/AppleJPEG.framework/Versions/A/AppleJPEG
0x00000000152a2000 	/System/Library/Frameworks/MetalPerformanceShaders.framework/Frameworks/MPSCore.framework/Versions/A/MPSCore
0x00000000152a2000 	/System/Library/Frameworks/MetalPerformanceShaders.framework/Frameworks/MPSImage.framework/Versions/A/MPSImage
0x00000000152a2000 	/System/Library/Frameworks/MetalPerformanceShaders.framework/Frameworks/MPSNeuralNetwork.framework/Versions/A/MPSNeuralNetwork
0x00000000152a2000 	/System/Library/Frameworks/MetalPerformanceShaders.framework/Frameworks/MPSMatrix.framework/Versions/A/MPSMatrix
0x00000000152a2000 	/System/Library/PrivateFrameworks/MetalTools.framework/Versions/A/MetalTools
0x00000000152a2000 	/System/Library/Frameworks/OpenGL.framework/Versions/A/Libraries/libGLU.dylib
0x00000000152a2000 	/System/Library/Frameworks/OpenGL.framework/Versions/A/Libraries/libGFXShared.dylib
0x00000000152a2000 	/System/Library/Frameworks/OpenGL.framework/Versions/A/Libraries/libGL.dylib
0x00000000152a2000 	/System/Library/Frameworks/OpenGL.framework/Versions/A/Libraries/libGLImage.dylib
0x00000000152a2000 	/System/Library/Frameworks/OpenGL.framework/Versions/A/Libraries/libCVMSPluginSupport.dylib
0x00000000152a2000 	/System/Library/Frameworks/OpenGL.framework/Versions/A/Libraries/libCoreVMClient.dylib
0x00000000152a2000 	/usr/lib/libcups.2.dylib
0x00000000152a2000 	/System/Library/Frameworks/Kerberos.framework/Versions/A/Kerberos
0x00000000152a2000 	/System/Library/Frameworks/GSS.framework/Versions/A/GSS
0x00000000152a2000 	/usr/lib/libresolv.9.dylib
0x00000000152a2000 	/usr/lib/libiconv.2.dylib
0x00000000152a2000 	/System/Library/PrivateFrameworks/Heimdal.framework/Versions/A/Heimdal
0x00000000152a2000 	/usr/lib/libheimdal-asn1.dylib
0x00000000152a2000 	/System/Library/Frameworks/OpenDirectory.framework/Versions/A/OpenDirectory
0x00000000152a2000 	/System/Library/PrivateFrameworks/CommonAuth.framework/Versions/A/CommonAuth
0x00000000152a2000 	/System/Library/Frameworks/OpenDirectory.framework/Versions/A/Frameworks/CFOpenDirectory.framework/Versions/A/CFOpenDirectory
0x00000000152a2000 	/System/Library/Frameworks/SecurityFoundation.framework/Versions/A/SecurityFoundation
0x00000000152a2000 	/System/Library/PrivateFrameworks/APFS.framework/Versions/A/APFS
0x00000000152a2000 	/usr/lib/libutil.dylib
0x00000000152a2000 	/System/Library/PrivateFrameworks/AppleSauce.framework/Versions/A/AppleSauce
0x00000000152a2000 	/System/Library/PrivateFrameworks/LinguisticData.framework/Versions/A/LinguisticData
0x00000000152a2000 	/usr/lib/libmarisa.dylib
0x00000000152a2000 	/System/Library/PrivateFrameworks/Lexicon.framework/Versions/A/Lexicon
0x00000000152a2000 	/usr/lib/libChineseTokenizer.dylib
0x00000000152a2000 	/usr/lib/libcmph.dylib
0x00000000152a2000 	/System/Library/PrivateFrameworks/LanguageModeling.framework/Versions/A/LanguageModeling
0x00000000152a2000 	/System/Library/PrivateFrameworks/CoreEmoji.framework/Versions/A/CoreEmoji
0x00000000152a2000 	/System/Library/Frameworks/ServiceManagement.framework/Versions/A/ServiceManagement
0x00000000152a2000 	/System/Library/PrivateFrameworks/BackgroundTaskManagement.framework/Versions/A/BackgroundTaskManagement
0x00000000152a2000 	/usr/lib/libxslt.1.dylib
0x00000000152a2000 	/System/Library/Frameworks/Carbon.framework/Versions/A/Frameworks/Ink.framework/Versions/A/Ink
0x00000000152a2000 	/System/Library/PrivateFrameworks/TextureIO.framework/Versions/A/TextureIO
0x00000000152a2000 	/usr/lib/libate.dylib
0x00000000152a2000 	/System/Library/PrivateFrameworks/CrashReporterSupport.framework/Versions/A/CrashReporterSupport
0x00000000152a2000 	/System/Library/PrivateFrameworks/Sharing.framework/Versions/A/Sharing
0x00000000152a2000 	/System/Library/PrivateFrameworks/IconServices.framework/Versions/A/IconServices
0x00000000152a2000 	/System/Library/PrivateFrameworks/Apple80211.framework/Versions/A/Apple80211
0x00000000152a2000 	/System/Library/PrivateFrameworks/CoreUtils.framework/Versions/A/CoreUtils
0x00000000152a2000 	/System/Library/Frameworks/CoreWLAN.framework/Versions/A/CoreWLAN
0x00000000152a2000 	/System/Library/Frameworks/IOBluetooth.framework/Versions/A/IOBluetooth
0x00000000152a2000 	/System/Library/PrivateFrameworks/ProtocolBuffer.framework/Versions/A/ProtocolBuffer
0x00000000152a2000 	/System/Library/PrivateFrameworks/CoreWiFi.framework/Versions/A/CoreWiFi
0x00000000152a2000 	/System/Library/Frameworks/CoreBluetooth.framework/Versions/A/CoreBluetooth
0x00000000152a2000 	/System/Library/PrivateFrameworks/DebugSymbols.framework/Versions/A/DebugSymbols
0x00000000152a2000 	/System/Library/PrivateFrameworks/CoreSymbolication.framework/Versions/A/CoreSymbolication
0x00000000152a2000 	/System/Library/PrivateFrameworks/Symbolication.framework/Versions/A/Symbolication
0x00000000152a2000 	/System/Library/PrivateFrameworks/AppleFSCompression.framework/Versions/A/AppleFSCompression
0x00000000152a2000 	/System/Library/PrivateFrameworks/SpeechRecognitionCore.framework/Versions/A/SpeechRecognitionCore
0x000000010ec06000 	/Library/Java/JavaVirtualMachines/jdk1.8.0_111.jdk/Contents/Home/jre/lib/server/libjvm.dylib
0x00000000152a2000 	/usr/lib/libstdc++.6.0.9.dylib
0x000000010d78d000 	/Library/Java/JavaVirtualMachines/jdk1.8.0_111.jdk/Contents/Home/jre/lib/libverify.dylib
0x000000010d79b000 	/Library/Java/JavaVirtualMachines/jdk1.8.0_111.jdk/Contents/Home/jre/lib/libjava.dylib
0x000000010d7da000 	/Library/Java/JavaVirtualMachines/jdk1.8.0_111.jdk/Contents/Home/jre/lib/libzip.dylib
0x00000000152a2000 	/System/Library/Frameworks/JavaVM.framework/Versions/A/Frameworks/JavaRuntimeSupport.framework/Versions/A/JavaRuntimeSupport
0x00000000152a2000 	/System/Library/Frameworks/JavaVM.framework/Versions/A/Frameworks/JavaNativeFoundation.framework/Versions/A/JavaNativeFoundation
0x00000000152a2000 	/System/Library/Frameworks/JavaVM.framework/Versions/A/JavaVM
0x00000000152a2000 	/System/Library/Frameworks/Carbon.framework/Versions/A/Carbon
0x00000000152a2000 	/System/Library/PrivateFrameworks/JavaLaunching.framework/Versions/A/JavaLaunching
0x00000000152a2000 	/System/Library/Frameworks/Carbon.framework/Versions/A/Frameworks/CommonPanels.framework/Versions/A/CommonPanels
0x00000000152a2000 	/System/Library/Frameworks/Carbon.framework/Versions/A/Frameworks/Help.framework/Versions/A/Help
0x00000000152a2000 	/System/Library/Frameworks/Carbon.framework/Versions/A/Frameworks/ImageCapture.framework/Versions/A/ImageCapture
0x00000000152a2000 	/System/Library/Frameworks/Carbon.framework/Versions/A/Frameworks/OpenScripting.framework/Versions/A/OpenScripting
0x00000000152a2000 	/System/Library/Frameworks/Carbon.framework/Versions/A/Frameworks/Print.framework/Versions/A/Print
0x00000000152a2000 	/System/Library/Frameworks/Carbon.framework/Versions/A/Frameworks/SecurityHI.framework/Versions/A/SecurityHI
0x000000010d7ee000 	/Library/Java/JavaVirtualMachines/jdk1.8.0_111.jdk/Contents/Home/jre/lib/libprism_es2.dylib
0x00000000152a2000 	/System/Library/PrivateFrameworks/CoreServicesInternal.framework/Versions/A/CoreServicesInternal
0x00000000152a2000 	/System/Library/Frameworks/OpenGL.framework/Versions/A/Resources/GLEngine.bundle/GLEngine
0x00000000152a2000 	/System/Library/Frameworks/OpenGL.framework/Versions/A/Libraries/libGLProgrammability.dylib
0x000000012c426000 	/System/Library/Extensions/AppleIntelHD5000GraphicsGLDriver.bundle/Contents/MacOS/AppleIntelHD5000GraphicsGLDriver
0x00000000152a2000 	/System/Library/PrivateFrameworks/GPUSupport.framework/Versions/A/Libraries/libGPUSupportMercury.dylib
0x00000000152a2000 	/System/Library/Extensions/GeForceGLDriver.bundle/Contents/MacOS/GeForceGLDriver
0x00000000152a2000 	/System/Library/Extensions/GeForceGLDriver.bundle/Contents/MacOS/libclh.dylib
0x00000000152a2000 	/System/Library/Frameworks/OpenGL.framework/Versions/A/Resources/GLRendererFloat.bundle/GLRendererFloat
0x00000000152a2000 	/System/Library/Frameworks/OpenCL.framework/Versions/A/Libraries/libcldcpuengine.dylib
0x00000000152a2000 	/usr/lib/libcrypto.35.dylib
0x00000000152a2000 	/System/Library/PrivateFrameworks/TrustEvaluationAgent.framework/Versions/A/TrustEvaluationAgent
0x000000012d003000 	/Library/Java/JavaVirtualMachines/jdk1.8.0_111.jdk/Contents/Home/jre/lib/libglass.dylib
0x00000000152a2000 	/System/Library/CoreServices/RawCamera.bundle/Contents/MacOS/RawCamera
0x00000000152a2000 	/System/Library/PrivateFrameworks/MobileAsset.framework/Versions/A/MobileAsset
0x00000000152a2000 	/System/Library/PrivateFrameworks/StreamingZip.framework/Versions/A/StreamingZip
0x00000000152a2000 	/System/Library/Frameworks/MediaToolbox.framework/Versions/A/MediaToolbox
0x00000000152a2000 	/System/Library/PrivateFrameworks/CoreAVCHD.framework/Versions/A/CoreAVCHD
0x00000000152a2000 	/System/Library/Frameworks/MediaAccessibility.framework/Versions/A/MediaAccessibility
0x00000000152a2000 	/System/Library/PrivateFrameworks/Mangrove.framework/Versions/A/Mangrove
0x00000000152a2000 	/System/Library/Frameworks/CoreMedia.framework/Versions/A/CoreMedia
0x00000000152a2000 	/System/Library/Frameworks/VideoToolbox.framework/Versions/A/VideoToolbox
0x00000000152a2000 	/System/Library/PrivateFrameworks/CoreAUC.framework/Versions/A/CoreAUC
0x00000000152a2000 	/usr/lib/libspindump.dylib
0x00000000152a2000 	/System/Library/PrivateFrameworks/AppleVA.framework/Versions/A/AppleVA
0x00000000152a2000 	/System/Library/Frameworks/Accelerate.framework/Versions/A/Frameworks/vImage.framework/Versions/A/Libraries/libCGInterfaces.dylib
0x00000000152a2000 	/System/Library/PrivateFrameworks/FamilyControls.framework/Versions/A/FamilyControls
0x00000000152a2000 	/System/Library/PrivateFrameworks/CommerceKit.framework/Versions/A/Frameworks/CommerceCore.framework/Versions/A/CommerceCore
0x00000000152a2000 	/System/Library/PrivateFrameworks/SystemAdministration.framework/Versions/A/SystemAdministration
0x00000000152a2000 	/System/Library/PrivateFrameworks/AppContainer.framework/Versions/A/AppContainer
0x00000000152a2000 	/System/Library/PrivateFrameworks/SecCodeWrapper.framework/Versions/A/SecCodeWrapper
0x00000000152a2000 	/System/Library/PrivateFrameworks/DiskManagement.framework/Versions/A/DiskManagement
0x00000000152a2000 	/System/Library/Frameworks/DirectoryService.framework/Versions/A/DirectoryService
0x00000000152a2000 	/System/Library/PrivateFrameworks/DiskImages.framework/Versions/A/DiskImages
0x00000000152a2000 	/System/Library/PrivateFrameworks/LoginUIKit.framework/Versions/A/Frameworks/LoginUICore.framework/Versions/A/LoginUICore
0x00000000152a2000 	/usr/lib/libCoreStorage.dylib
0x00000000152a2000 	/usr/lib/libcsfde.dylib
0x00000000152a2000 	/usr/lib/libodfde.dylib
0x00000000152a2000 	/System/Library/PrivateFrameworks/MediaKit.framework/Versions/A/MediaKit
0x00000000152a2000 	/System/Library/Frameworks/DiscRecording.framework/Versions/A/DiscRecording
0x00000000152a2000 	/System/Library/PrivateFrameworks/EFILogin.framework/Versions/A/EFILogin
0x00000000152a2000 	/System/Library/PrivateFrameworks/ProtectedCloudStorage.framework/Versions/A/ProtectedCloudStorage
0x00000000152a2000 	/usr/lib/libcurl.4.dylib
0x00000000152a2000 	/usr/lib/libssl.35.dylib
0x00000000152a2000 	/System/Library/Frameworks/LDAP.framework/Versions/A/LDAP
0x00000000152a2000 	/usr/lib/libsasl2.2.dylib
0x00000000152a2000 	/System/Library/PrivateFrameworks/CoreDaemon.framework/Versions/B/CoreDaemon
0x00000000152a2000 	/System/Library/PrivateFrameworks/AppleSRP.framework/Versions/A/AppleSRP
0x00000000152a2000 	/System/Library/Frameworks/ApplicationServices.framework/Versions/A/Frameworks/ATS.framework/Versions/A/Resources/libTrueTypeScaler.dylib
0x0000000130a06000 	/Library/Java/JavaVirtualMachines/jdk1.8.0_111.jdk/Contents/Home/jre/lib/libjavafx_font.dylib
0x0000000130c68000 	/Library/Java/JavaVirtualMachines/jdk1.8.0_111.jdk/Contents/Home/jre/lib/libnio.dylib
0x0000000130c78000 	/Library/Java/JavaVirtualMachines/jdk1.8.0_111.jdk/Contents/Home/jre/lib/./libnet.dylib
0x00000001312ab000 	/Library/Java/JavaVirtualMachines/jdk1.8.0_111.jdk/Contents/Home/jre/lib/libjavafx_iio.dylib
0x00000000152a2000 	/System/Library/Extensions/AppleIntelHD5000GraphicsMTLDriver.bundle/Contents/MacOS/AppleIntelHD5000GraphicsMTLDriver
0x00000000152a2000 	/System/Library/Extensions/GeForceMTLDriver.bundle/Contents/MacOS/GeForceMTLDriver
0x00000000152a2000 	/System/Library/PrivateFrameworks/GPUCompiler.framework/Versions/3802/Libraries/libmetal_timestamp.dylib
0x0000000133109000 	/Library/Java/JavaVirtualMachines/jdk1.8.0_111.jdk/Contents/Home/jre/lib/libprism_common.dylib
0x00000000152a2000 	/System/Library/PrivateFrameworks/ViewBridge.framework/Versions/A/ViewBridge
0x00000000152a2000 	/System/Library/PrivateFrameworks/login.framework/Versions/A/login
0x000000012fe00000 	/Library/Java/JavaVirtualMachines/jdk1.8.0_111.jdk/Contents/Home/jre/lib/libawt.dylib
0x0000000130a77000 	/Library/Java/JavaVirtualMachines/jdk1.8.0_111.jdk/Contents/Home/jre/lib/./libmlib_image.dylib
0x0000000135582000 	/Library/Java/JavaVirtualMachines/jdk1.8.0_111.jdk/Contents/Home/jre/lib/libawt_lwawt.dylib
0x000000012fea8000 	/Library/Java/JavaVirtualMachines/jdk1.8.0_111.jdk/Contents/Home/jre/lib/./libosxapp.dylib
0x00000000152a2000 	/System/Library/Frameworks/ExceptionHandling.framework/Versions/A/ExceptionHandling
0x0000000135fee000 	/Library/Java/JavaVirtualMachines/jdk1.8.0_111.jdk/Contents/Home/jre/lib/libfontmanager.dylib
0x0000000136055000 	/Library/Java/JavaVirtualMachines/jdk1.8.0_111.jdk/Contents/Home/jre/lib/libosxui.dylib

VM Arguments:
jvm_args: -Dfile.encoding=UTF-8 
java_command: edu.unal.vista.Validation
java_class_path (initial): /Users/marlonbarreto/Documents/NetBeansProjects/AbductedFarmers/AbductedFarmers/build/classes
Launcher Type: SUN_STANDARD

Environment Variables:
PATH=/usr/bin:/bin:/usr/sbin:/sbin
LD_LIBRARY_PATH=/Library/Java/JavaVirtualMachines/jdk1.8.0_111.jdk/Contents/Home/jre/lib/amd64:/Library/Java/JavaVirtualMachines/jdk1.8.0_111.jdk/Contents/Home/jre/lib/i386:
SHELL=/bin/bash

Signal Handlers:
SIGSEGV: [libjvm.dylib+0x5b03ed], sa_mask[0]=11111111011111110111111111111111, sa_flags=SA_ONSTACK|SA_RESTART|SA_SIGINFO
SIGBUS: [libjvm.dylib+0x5b03ed], sa_mask[0]=11111111011111110111111111111111, sa_flags=SA_RESTART|SA_SIGINFO
SIGFPE: [libjvm.dylib+0x48711c], sa_mask[0]=11111111011111110111111111111111, sa_flags=SA_RESTART|SA_SIGINFO
SIGPIPE: [libjvm.dylib+0x48711c], sa_mask[0]=11111111011111110111111111111111, sa_flags=SA_RESTART|SA_SIGINFO
SIGXFSZ: [libjvm.dylib+0x48711c], sa_mask[0]=11111111011111110111111111111111, sa_flags=SA_RESTART|SA_SIGINFO
SIGILL: [libjvm.dylib+0x48711c], sa_mask[0]=11111111011111110111111111111111, sa_flags=SA_RESTART|SA_SIGINFO
SIGUSR1: SIG_DFL, sa_mask[0]=00000000000000000000000000000000, sa_flags=none
SIGUSR2: [libjvm.dylib+0x486c3a], sa_mask[0]=00100000000000000000000000000000, sa_flags=SA_RESTART|SA_SIGINFO
SIGHUP: [libjvm.dylib+0x485211], sa_mask[0]=11111111011111110111111111111111, sa_flags=SA_RESTART|SA_SIGINFO
SIGINT: SIG_IGN, sa_mask[0]=00000000000000000000000000000000, sa_flags=none
SIGTERM: [libjvm.dylib+0x485211], sa_mask[0]=11111111011111110111111111111111, sa_flags=SA_RESTART|SA_SIGINFO
SIGQUIT: [libjvm.dylib+0x485211], sa_mask[0]=11111111011111110111111111111111, sa_flags=SA_RESTART|SA_SIGINFO


---------------  S Y S T E M  ---------------

OS:Bsduname:Darwin 17.6.0 Darwin Kernel Version 17.6.0: Tue May  8 15:33:09 PDT 2018; root:xnu-4570.61.1~2/RELEASE_X86_64 x86_64
rlimit: STACK 8192k, CORE 0k, NPROC 1418, NOFILE 10240, AS infinity
load average:2.99 3.04 2.98

CPU:total 8 (4 cores per cpu, 2 threads per core) family 6 model 70 stepping 1, cmov, cx8, fxsr, mmx, sse, sse2, sse3, ssse3, sse4.1, sse4.2, popcnt, avx, avx2, aes, clmul, erms, lzcnt, ht, tsc, tscinvbit, bmi1, bmi2

Memory: 4k page, physical 16777216k(2946220k free)

/proc/meminfo:


vm_info: Java HotSpot(TM) 64-Bit Server VM (25.111-b14) for bsd-amd64 JRE (1.8.0_111-b14), built on Sep 22 2016 15:31:41 by "java_re" with gcc 4.2.1 (Based on Apple Inc. build 5658) (LLVM build 2336.11.00)

time: Mon May 28 21:28:09 2018
elapsed time: 11 seconds (0d 0h 0m 11s)

