#
# A fatal error has been detected by the Java Runtime Environment:
#
#  SIGSEGV (0xb) at pc=0x000000010fd69ac2, pid=38674, tid=0x0000000000000307
#
# JRE version: Java(TM) SE Runtime Environment (8.0_111-b14) (build 1.8.0_111-b14)
# Java VM: Java HotSpot(TM) 64-Bit Server VM (25.111-b14 mixed mode bsd-amd64 compressed oops)
# Problematic frame:
# V  [libjvm.dylib+0x169ac2]  ThreadStateTransition::trans_from_native(JavaThreadState)+0xa
#
# Failed to write core dump. Core dumps have been disabled. To enable core dumping, try "ulimit -c unlimited" before starting Java again
#
# If you would like to submit a bug report, please visit:
#   http://bugreport.java.com/bugreport/crash.jsp
#

---------------  T H R E A D  ---------------

Current thread is native thread

siginfo: si_signo: 11 (SIGSEGV), si_code: 1 (SEGV_MAPERR), si_addr: 0x0000000000000270

Registers:
RAX=0x0000000000000000, RBX=0x0000000000000000, RCX=0x000000010ff13777, RDX=0x00007f9e6b9141f8
RSP=0x00007ffee10b0f90, RBP=0x00007ffee10b0fa0, RSI=0x0000000000000006, RDI=0x00007ffee10b0fe0
R8 =0x00007f9e7087c030, R9 =0x0000000000000000, R10=0x00007fff976f9e88, R11=0x00007f9e72c5e460
R12=0x00007f9e6b9141f8, R13=0x00007f9e70300790, R14=0x00007f9e6b9141f8, R15=0x0000000000000000
RIP=0x000000010fd69ac2, EFLAGS=0x0000000000010246, ERR=0x0000000000000006
  TRAPNO=0x000000000000000e

Top of Stack: (sp=0x00007ffee10b0f90)
0x00007ffee10b0f90:   00007f9e6a5d9a98 00007f9e6b9141f8
0x00007ffee10b0fa0:   00007ffee10b1000 000000010ff137a7
0x00007ffee10b0fb0:   00007f9e6a558aa0 00007f9e7066fa00
0x00007ffee10b0fc0:   00007f9e6ba7ec00 00007f9e7066fa00
0x00007ffee10b0fd0:   00007ffee10b1000 00000001364dc6e9
0x00007ffee10b0fe0:   0000000000000000 00007f9e6a558aa0
0x00007ffee10b0ff0:   00007f9e6ba7ec00 00007f9e7066fa00
0x00007ffee10b1000:   00007ffee10b1060 000000013643c8d5
0x00007ffee10b1010:   00007fff3b072377 0000000000000000
0x00007ffee10b1020:   411165052b5ec52a 00007f9e6ba7ec00
0x00007ffee10b1030:   00007ffee10b1060 00007fff6401ee80
0x00007ffee10b1040:   00007f9e7066fa00 00007f9e70300790
0x00007ffee10b1050:   00007f9e6a63d810 00007f9e6ba7ec00
0x00007ffee10b1060:   00007ffee10b1110 00007fff48205fa2
0x00007ffee10b1070:   00007f9e7066fa00 0000000000000000
0x00007ffee10b1080:   0000000000000000 00007f9e7066fa00
0x00007ffee10b1090:   0000000000000000 0000000000000000
0x00007ffee10b10a0:   00007ffee10b10f0 0000048400000004
0x00007ffee10b10b0:   0000000000000000 411165052b5ec52a
0x00007ffee10b10c0:   00007f9e6a5da9f0 0000000000000000
0x00007ffee10b10d0:   0000000000000000 00007ffee10b10f0
0x00007ffee10b10e0:   00007f9e7066fa00 00007fff6401ee80
0x00007ffee10b10f0:   0000000000000004 0000000000000000
0x00007ffee10b1100:   00007f9e7066fa00 00007fff3b072377
0x00007ffee10b1110:   00007ffee10b1180 00007fff482055f3
0x00007ffee10b1120:   0000000000000000 0000000000000000
0x00007ffee10b1130:   4089000000000000 4082100000000000
0x00007ffee10b1140:   4082100000000000 4089000000000000
0x00007ffee10b1150:   4000000000000000 00007ffee10b1250
0x00007ffee10b1160:   00007fff6401ee80 0000000000000000
0x00007ffee10b1170:   00007fff3b074372 00007f9e700002f0
0x00007ffee10b1180:   00007ffee10b2250 00007fff481a5e4d 

Instructions: (pc=0x000000010fd69ac2)
0x000000010fd69aa2:   0e 48 8b 0b 49 8b 56 18 48 63 c0 48 89 0c c2 5b
0x000000010fd69ab2:   41 5e 5d c3 90 90 55 48 89 e5 41 56 53 48 8b 1f
0x000000010fd69ac2:   c7 83 70 02 00 00 05 00 00 00 48 8d 05 e5 57 78
0x000000010fd69ad2:   00 8b 00 83 f8 01 41 89 f6 75 0c 48 8d 0d 32 c3 

Register to memory mapping:

RAX=0x0000000000000000 is an unknown value
RBX=0x0000000000000000 is an unknown value
RCX=0x000000010ff13777: jni_NewLocalRef+0 in /Library/Java/JavaVirtualMachines/jdk1.8.0_111.jdk/Contents/Home/jre/lib/server/libjvm.dylib at 0x000000010fc00000
RDX=0x00007f9e6b9141f8 is an unknown value
RSP=0x00007ffee10b0f90 is an unknown value
RBP=0x00007ffee10b0fa0 is an unknown value
RSI=0x0000000000000006 is an unknown value
RDI=0x00007ffee10b0fe0 is an unknown value
R8 =0x00007f9e7087c030 is an unknown value
R9 =0x0000000000000000 is an unknown value
R10=0x00007fff976f9e88: OBJC_CLASS_$_JNFJObjectWrapper+0 in /System/Library/Frameworks/JavaVM.framework/Versions/A/Frameworks/JavaNativeFoundation.framework/Versions/A/JavaNativeFoundation at 0x00007fff40b78000
R11=0x00007f9e72c5e460 is an unknown value
R12=0x00007f9e6b9141f8 is an unknown value
R13=0x00007f9e70300790 is an unknown value
R14=0x00007f9e6b9141f8 is an unknown value
R15=0x0000000000000000 is an unknown value


Stack: [0x00007ffee08b5000,0x00007ffee10b5000],  sp=0x00007ffee10b0f90,  free space=8175k
Native frames: (J=compiled Java code, j=interpreted, Vv=VM code, C=native code)
V  [libjvm.dylib+0x169ac2]  ThreadStateTransition::trans_from_native(JavaThreadState)+0xa
V  [libjvm.dylib+0x3137a7]  jni_NewLocalRef+0x30
C  [libawt_lwawt.dylib+0x198d5]  -[CGLLayer drawInCGLContext:pixelFormat:forLayerTime:displayTime:]+0xee
C  [QuartzCore+0x71fa2]  CAOpenGLLayerDraw(CAOpenGLLayer*, double, CVTimeStamp const*, unsigned int)+0x7a7
C  [QuartzCore+0x715f3]  -[CAOpenGLLayer _display]+0x235
C  [QuartzCore+0x11e4d]  CA::Layer::display_if_needed(CA::Transaction*)+0x279
C  [QuartzCore+0x1190b]  CA::Layer::layout_and_display_if_needed(CA::Transaction*)+0x23
C  [QuartzCore+0x108fc]  CA::Context::commit_transaction(CA::Transaction*)+0x146
C  [QuartzCore+0x10495]  CA::Transaction::commit()+0x1e7
C  [QuartzCore+0x1c95a]  CA::Transaction::observer_callback(__CFRunLoopObserver*, unsigned long, void*)+0x42
C  [CoreFoundation+0xa3467]  __CFRUNLOOP_IS_CALLING_OUT_TO_AN_OBSERVER_CALLBACK_FUNCTION__+0x17
C  [CoreFoundation+0xa338f]  __CFRunLoopDoObservers+0x20f
C  [CoreFoundation+0x85a70]  __CFRunLoopRun+0x640
C  [CoreFoundation+0x851a3]  CFRunLoopRunSpecific+0x1e3
C  [java+0x6465]  CreateExecutionEnvironment+0x367
C  [java+0x218c]  JLI_Launch+0x7a0
C  [java+0x84c2]  main+0x65
C  [java+0x19e4]  start+0x34


---------------  P R O C E S S  ---------------

VM state:not at safepoint (normal execution)

VM Mutex/Monitor currently owned by a thread: None

Heap:
 PSYoungGen      total 76288K, used 42354K [0x000000076ab00000, 0x0000000770000000, 0x00000007c0000000)
  eden space 65536K, 64% used [0x000000076ab00000,0x000000076d45ca40,0x000000076eb00000)
  from space 10752K, 0% used [0x000000076f580000,0x000000076f580000,0x0000000770000000)
  to   space 10752K, 0% used [0x000000076eb00000,0x000000076eb00000,0x000000076f580000)
 ParOldGen       total 175104K, used 0K [0x00000006c0000000, 0x00000006cab00000, 0x000000076ab00000)
  object space 175104K, 0% used [0x00000006c0000000,0x00000006c0000000,0x00000006cab00000)
 Metaspace       used 19196K, capacity 19938K, committed 20224K, reserved 1067008K
  class space    used 2768K, capacity 2979K, committed 3072K, reserved 1048576K

Card table byte_map: [0x0000000110fa1000,0x00000001117a2000] byte_map_base: 0x000000010d9a1000

Marking Bits: (ParMarkBitMap*) 0x00000001104efd20
 Begin Bits: [0x00000001263db000, 0x000000012a3db000)
 End Bits:   [0x000000012a3db000, 0x000000012e3db000)

Polling page: 0x000000010ebd3000

CodeCache: size=245760Kb used=4602Kb max_used=4605Kb free=241157Kb
 bounds [0x00000001173db000, 0x000000011786b000, 0x00000001263db000]
 total_blobs=2221 nmethods=1439 adapters=695
 compilation: enabled

Compilation events (10 events):
Event: 6.146 Thread 0x00007f9e6b823800 1435       3       sun.java2d.loops.GraphicsPrimitiveMgr$1::compare (39 bytes)
Event: 6.146 Thread 0x00007f9e6b823800 nmethod 1435 0x00000001178581d0 code [0x0000000117858360, 0x0000000117858870]
Event: 6.147 Thread 0x00007f9e6b822000 1436       4       sun.java2d.loops.GraphicsPrimitiveMgr$1::compare (39 bytes)
Event: 6.148 Thread 0x00007f9e6b822000 nmethod 1436 0x000000011785b690 code [0x000000011785b7e0, 0x000000011785b8f8]
Event: 6.157 Thread 0x00007f9e6b823800 1438       3       sun.reflect.ConstructorAccessorImpl::<init> (5 bytes)
Event: 6.157 Thread 0x00007f9e6b823800 nmethod 1438 0x000000011785b010 code [0x000000011785b180, 0x000000011785b390]
Event: 6.157 Thread 0x00007f9e6b823800 1437       1       java.lang.reflect.Constructor::getConstructorAccessor (5 bytes)
Event: 6.157 Thread 0x00007f9e6b823800 nmethod 1437 0x000000011785ad50 code [0x000000011785aea0, 0x000000011785afb0]
Event: 6.160 Thread 0x00007f9e6b823800 1439   !   3       sun.awt.AppContext::get (123 bytes)
Event: 6.160 Thread 0x00007f9e6b823800 nmethod 1439 0x0000000117859750 code [0x0000000117859900, 0x000000011785a228]

GC Heap History (0 events):
No events

Deoptimization events (10 events):
Event: 0.908 Thread 0x00007f9e6b914000 Uncommon trap: reason=class_check action=maybe_recompile pc=0x0000000117620c04 method=java.io.DataInputStream.readShort()S @ 4
Event: 0.912 Thread 0x00007f9e6b914000 Uncommon trap: reason=class_check action=maybe_recompile pc=0x00000001174f7cdc method=java.lang.String.equals(Ljava/lang/Object;)Z @ 8
Event: 0.912 Thread 0x00007f9e6b914000 Uncommon trap: reason=class_check action=maybe_recompile pc=0x00000001174f7cdc method=java.lang.String.equals(Ljava/lang/Object;)Z @ 8
Event: 0.912 Thread 0x00007f9e6b914000 Uncommon trap: reason=class_check action=maybe_recompile pc=0x00000001174f7cdc method=java.lang.String.equals(Ljava/lang/Object;)Z @ 8
Event: 0.914 Thread 0x00007f9e6b914000 Uncommon trap: reason=class_check action=maybe_recompile pc=0x00000001174f7cdc method=java.lang.String.equals(Ljava/lang/Object;)Z @ 8
Event: 1.207 Thread 0x00007f9e6b914000 Uncommon trap: reason=unstable_if action=reinterpret pc=0x00000001176afcc4 method=jdk.internal.org.objectweb.asm.Type.getArgumentsAndReturnSizes(Ljava/lang/String;)I @ 47
Event: 5.914 Thread 0x00007f9e6b914000 Uncommon trap: reason=unstable_if action=reinterpret pc=0x00000001176f3afc method=sun.misc.URLClassPath$JarLoader.ensureOpen()V @ 4
Event: 6.010 Thread 0x00007f9e6b914000 Uncommon trap: reason=unstable_if action=reinterpret pc=0x0000000117592120 method=java.lang.String.startsWith(Ljava/lang/String;I)Z @ 25
Event: 6.013 Thread 0x00007f9e6b914000 Uncommon trap: reason=unstable_if action=reinterpret pc=0x00000001176aacec method=java.lang.AbstractStringBuilder.append(Ljava/lang/String;)Ljava/lang/AbstractStringBuilder; @ 1
Event: 6.014 Thread 0x00007f9e6b914000 Uncommon trap: reason=unstable_if action=reinterpret pc=0x00000001175f3a94 method=java.lang.AbstractStringBuilder.append(Ljava/lang/String;)Ljava/lang/AbstractStringBuilder; @ 1

Internal exceptions (10 events):
Event: 0.133 Thread 0x00007f9e6a809800 Exception <a 'java/security/PrivilegedActionException'> (0x000000076ae5eb90) thrown at [/Users/java_re/workspace/8-2-build-macosx-x86_64/jdk8u111/7883/hotspot/src/share/vm/prims/jvm.cpp, line 1386]
Event: 0.133 Thread 0x00007f9e6a809800 Exception <a 'java/lang/NullPointerException'> (0x000000076ae5f380) thrown at [/Users/java_re/workspace/8-2-build-macosx-x86_64/jdk8u111/7883/hotspot/src/share/vm/interpreter/linkResolver.cpp, line 1178]
Event: 0.462 Thread 0x00007f9e6b914000 Exception <a 'java/lang/NullPointerException'> (0x000000076ba7df28) thrown at [/Users/java_re/workspace/8-2-build-macosx-x86_64/jdk8u111/7883/hotspot/src/share/vm/interpreter/linkResolver.cpp, line 1178]
Event: 0.462 Thread 0x00007f9e6b914000 Exception <a 'java/lang/NullPointerException'> (0x000000076ba7df28) thrown at [/Users/java_re/workspace/8-2-build-macosx-x86_64/jdk8u111/7883/hotspot/src/share/vm/prims/jvm.cpp, line 1390]
Event: 0.829 Thread 0x00007f9e6b914000 Implicit null exception at 0x0000000117634fb5 to 0x00000001176351b1
Event: 5.914 Thread 0x00007f9e6b914000 Implicit null exception at 0x00000001176f2a46 to 0x00000001176f3af1
Event: 5.919 Thread 0x00007f9e6b914000 Exception <a 'java/io/FileNotFoundException'> (0x000000076cf62648) thrown at [/Users/java_re/workspace/8-2-build-macosx-x86_64/jdk8u111/7883/hotspot/src/share/vm/prims/jni.cpp, line 709]
Event: 5.919 Thread 0x00007f9e6b914000 Exception <a 'java/io/FileNotFoundException'> (0x000000076cf633d8) thrown at [/Users/java_re/workspace/8-2-build-macosx-x86_64/jdk8u111/7883/hotspot/src/share/vm/prims/jni.cpp, line 709]
Event: 6.013 Thread 0x00007f9e6b914000 Implicit null exception at 0x00000001176aa8f3 to 0x00000001176aacd9
Event: 6.014 Thread 0x00007f9e6b914000 Implicit null exception at 0x00000001175f36b6 to 0x00000001175f3a7d

Events (10 events):
Event: 6.160 loading class com/sun/javafx/tk/quantum/QuantumToolkit done
Event: 6.160 Thread 0x00007f9e6c849000 Thread exited: 0x00007f9e6c849000
Event: 6.160 Thread 0x00007f9e6b96c800 Thread exited: 0x00007f9e6b96c800
Event: 6.160 Thread 0x00007f9e6a809800 Thread exited: 0x00007f9e6a809800
Event: 6.160 Thread 0x00007f9e6a809800 Thread added: 0x00007f9e6a809800
Event: 6.160 Thread 0x00007f9e6b914000 Thread exited: 0x00007f9e6b914000
Event: 6.161 Executing VM operation: RevokeBias
Event: 6.161 Executing VM operation: RevokeBias done
Event: 6.161 loading class sun/lwawt/macosx/CCustomCursor
Event: 6.161 loading class sun/lwawt/macosx/CCustomCursor done


Dynamic libraries:
0x00000000152a2000 	/System/Library/Frameworks/Cocoa.framework/Versions/A/Cocoa
0x00000000152a2000 	/System/Library/Frameworks/Security.framework/Versions/A/Security
0x00000000152a2000 	/System/Library/Frameworks/ApplicationServices.framework/Versions/A/ApplicationServices
0x00000000152a2000 	/usr/lib/libz.1.dylib
0x00000000152a2000 	/usr/lib/libSystem.B.dylib
0x00000000152a2000 	/usr/lib/libobjc.A.dylib
0x00000000152a2000 	/System/Library/Frameworks/CoreFoundation.framework/Versions/A/CoreFoundation
0x00000000152a2000 	/System/Library/Frameworks/Foundation.framework/Versions/C/Foundation
0x00000000152a2000 	/System/Library/Frameworks/AppKit.framework/Versions/C/AppKit
0x00000000152a2000 	/System/Library/Frameworks/CoreData.framework/Versions/A/CoreData
0x00000000152a2000 	/System/Library/PrivateFrameworks/RemoteViewServices.framework/Versions/A/RemoteViewServices
0x00000000152a2000 	/System/Library/PrivateFrameworks/UIFoundation.framework/Versions/A/UIFoundation
0x00000000152a2000 	/System/Library/PrivateFrameworks/DFRFoundation.framework/Versions/A/DFRFoundation
0x00000000152a2000 	/System/Library/Frameworks/Metal.framework/Versions/A/Metal
0x00000000152a2000 	/System/Library/PrivateFrameworks/DesktopServicesPriv.framework/Versions/A/DesktopServicesPriv
0x00000000152a2000 	/usr/lib/libenergytrace.dylib
0x00000000152a2000 	/System/Library/PrivateFrameworks/SkyLight.framework/Versions/A/SkyLight
0x00000000152a2000 	/System/Library/Frameworks/CoreGraphics.framework/Versions/A/CoreGraphics
0x00000000152a2000 	/usr/lib/libScreenReader.dylib
0x00000000152a2000 	/System/Library/Frameworks/Accelerate.framework/Versions/A/Accelerate
0x00000000152a2000 	/System/Library/Frameworks/IOSurface.framework/Versions/A/IOSurface
0x00000000152a2000 	/System/Library/Frameworks/AudioToolbox.framework/Versions/A/AudioToolbox
0x00000000152a2000 	/System/Library/Frameworks/AudioUnit.framework/Versions/A/AudioUnit
0x00000000152a2000 	/System/Library/PrivateFrameworks/DataDetectorsCore.framework/Versions/A/DataDetectorsCore
0x00000000152a2000 	/System/Library/Frameworks/Carbon.framework/Versions/A/Frameworks/HIToolbox.framework/Versions/A/HIToolbox
0x00000000152a2000 	/usr/lib/libicucore.A.dylib
0x00000000152a2000 	/System/Library/Frameworks/QuartzCore.framework/Versions/A/QuartzCore
0x00000000152a2000 	/System/Library/PrivateFrameworks/SignpostNotification.framework/Versions/A/SignpostNotification
0x00000000152a2000 	/System/Library/Frameworks/Carbon.framework/Versions/A/Frameworks/SpeechRecognition.framework/Versions/A/SpeechRecognition
0x00000000152a2000 	/usr/lib/libauto.dylib
0x00000000152a2000 	/usr/lib/libxml2.2.dylib
0x00000000152a2000 	/System/Library/PrivateFrameworks/CoreUI.framework/Versions/A/CoreUI
0x00000000152a2000 	/System/Library/Frameworks/CoreAudio.framework/Versions/A/CoreAudio
0x00000000152a2000 	/System/Library/Frameworks/DiskArbitration.framework/Versions/A/DiskArbitration
0x00000000152a2000 	/usr/lib/liblangid.dylib
0x00000000152a2000 	/System/Library/PrivateFrameworks/MultitouchSupport.framework/Versions/A/MultitouchSupport
0x00000000152a2000 	/System/Library/Frameworks/IOKit.framework/Versions/A/IOKit
0x00000000152a2000 	/usr/lib/libDiagnosticMessagesClient.dylib
0x00000000152a2000 	/System/Library/Frameworks/CoreServices.framework/Versions/A/CoreServices
0x00000000152a2000 	/System/Library/PrivateFrameworks/PerformanceAnalysis.framework/Versions/A/PerformanceAnalysis
0x00000000152a2000 	/System/Library/Frameworks/OpenGL.framework/Versions/A/OpenGL
0x00000000152a2000 	/System/Library/Frameworks/ColorSync.framework/Versions/A/ColorSync
0x00000000152a2000 	/System/Library/Frameworks/CoreImage.framework/Versions/A/CoreImage
0x00000000152a2000 	/System/Library/Frameworks/CoreText.framework/Versions/A/CoreText
0x00000000152a2000 	/System/Library/Frameworks/ImageIO.framework/Versions/A/ImageIO
0x00000000152a2000 	/System/Library/PrivateFrameworks/Backup.framework/Versions/A/Backup
0x00000000152a2000 	/usr/lib/libarchive.2.dylib
0x00000000152a2000 	/System/Library/Frameworks/CFNetwork.framework/Versions/A/CFNetwork
0x00000000152a2000 	/System/Library/Frameworks/SystemConfiguration.framework/Versions/A/SystemConfiguration
0x00000000152a2000 	/usr/lib/libCRFSuite.dylib
0x00000000152a2000 	/usr/lib/libc++.1.dylib
0x00000000152a2000 	/usr/lib/libc++abi.dylib
0x00000000152a2000 	/usr/lib/system/libcache.dylib
0x00000000152a2000 	/usr/lib/system/libcommonCrypto.dylib
0x00000000152a2000 	/usr/lib/system/libcompiler_rt.dylib
0x00000000152a2000 	/usr/lib/system/libcopyfile.dylib
0x00000000152a2000 	/usr/lib/system/libcorecrypto.dylib
0x00000000152a2000 	/usr/lib/system/libdispatch.dylib
0x00000000152a2000 	/usr/lib/system/libdyld.dylib
0x00000000152a2000 	/usr/lib/system/libkeymgr.dylib
0x00000000152a2000 	/usr/lib/system/liblaunch.dylib
0x00000000152a2000 	/usr/lib/system/libmacho.dylib
0x00000000152a2000 	/usr/lib/system/libquarantine.dylib
0x00000000152a2000 	/usr/lib/system/libremovefile.dylib
0x00000000152a2000 	/usr/lib/system/libsystem_asl.dylib
0x00000000152a2000 	/usr/lib/system/libsystem_blocks.dylib
0x00000000152a2000 	/usr/lib/system/libsystem_c.dylib
0x00000000152a2000 	/usr/lib/system/libsystem_configuration.dylib
0x00000000152a2000 	/usr/lib/system/libsystem_coreservices.dylib
0x00000000152a2000 	/usr/lib/system/libsystem_darwin.dylib
0x00000000152a2000 	/usr/lib/system/libsystem_dnssd.dylib
0x00000000152a2000 	/usr/lib/system/libsystem_info.dylib
0x00000000152a2000 	/usr/lib/system/libsystem_m.dylib
0x00000000152a2000 	/usr/lib/system/libsystem_malloc.dylib
0x00000000152a2000 	/usr/lib/system/libsystem_network.dylib
0x00000000152a2000 	/usr/lib/system/libsystem_networkextension.dylib
0x00000000152a2000 	/usr/lib/system/libsystem_notify.dylib
0x00000000152a2000 	/usr/lib/system/libsystem_sandbox.dylib
0x00000000152a2000 	/usr/lib/system/libsystem_secinit.dylib
0x00000000152a2000 	/usr/lib/system/libsystem_kernel.dylib
0x00000000152a2000 	/usr/lib/system/libsystem_platform.dylib
0x00000000152a2000 	/usr/lib/system/libsystem_pthread.dylib
0x00000000152a2000 	/usr/lib/system/libsystem_symptoms.dylib
0x00000000152a2000 	/usr/lib/system/libsystem_trace.dylib
0x00000000152a2000 	/usr/lib/system/libunwind.dylib
0x00000000152a2000 	/usr/lib/system/libxpc.dylib
0x00000000152a2000 	/usr/lib/closure/libclosured.dylib
0x00000000152a2000 	/usr/lib/libbsm.0.dylib
0x00000000152a2000 	/usr/lib/system/libkxld.dylib
0x00000000152a2000 	/usr/lib/libOpenScriptingUtil.dylib
0x00000000152a2000 	/usr/lib/libcoretls.dylib
0x00000000152a2000 	/usr/lib/libcoretls_cfhelpers.dylib
0x00000000152a2000 	/usr/lib/libpam.2.dylib
0x00000000152a2000 	/usr/lib/libsqlite3.dylib
0x00000000152a2000 	/usr/lib/libxar.1.dylib
0x00000000152a2000 	/usr/lib/libbz2.1.0.dylib
0x00000000152a2000 	/usr/lib/liblzma.5.dylib
0x00000000152a2000 	/usr/lib/libnetwork.dylib
0x00000000152a2000 	/usr/lib/libapple_nghttp2.dylib
0x00000000152a2000 	/usr/lib/libpcap.A.dylib
0x00000000152a2000 	/usr/lib/libboringssl.dylib
0x00000000152a2000 	/usr/lib/libusrtcp.dylib
0x00000000152a2000 	/usr/lib/libapple_crypto.dylib
0x00000000152a2000 	/System/Library/Frameworks/CoreServices.framework/Versions/A/Frameworks/FSEvents.framework/Versions/A/FSEvents
0x00000000152a2000 	/System/Library/Frameworks/CoreServices.framework/Versions/A/Frameworks/CarbonCore.framework/Versions/A/CarbonCore
0x00000000152a2000 	/System/Library/Frameworks/CoreServices.framework/Versions/A/Frameworks/Metadata.framework/Versions/A/Metadata
0x00000000152a2000 	/System/Library/Frameworks/CoreServices.framework/Versions/A/Frameworks/OSServices.framework/Versions/A/OSServices
0x00000000152a2000 	/System/Library/Frameworks/CoreServices.framework/Versions/A/Frameworks/SearchKit.framework/Versions/A/SearchKit
0x00000000152a2000 	/System/Library/Frameworks/CoreServices.framework/Versions/A/Frameworks/AE.framework/Versions/A/AE
0x00000000152a2000 	/System/Library/Frameworks/CoreServices.framework/Versions/A/Frameworks/LaunchServices.framework/Versions/A/LaunchServices
0x00000000152a2000 	/System/Library/Frameworks/CoreServices.framework/Versions/A/Frameworks/DictionaryServices.framework/Versions/A/DictionaryServices
0x00000000152a2000 	/System/Library/Frameworks/CoreServices.framework/Versions/A/Frameworks/SharedFileList.framework/Versions/A/SharedFileList
0x00000000152a2000 	/System/Library/Frameworks/NetFS.framework/Versions/A/NetFS
0x00000000152a2000 	/System/Library/PrivateFrameworks/NetAuth.framework/Versions/A/NetAuth
0x00000000152a2000 	/System/Library/PrivateFrameworks/login.framework/Versions/A/Frameworks/loginsupport.framework/Versions/A/loginsupport
0x00000000152a2000 	/System/Library/PrivateFrameworks/TCC.framework/Versions/A/TCC
0x00000000152a2000 	/usr/lib/libmecabra.dylib
0x00000000152a2000 	/System/Library/Frameworks/ApplicationServices.framework/Versions/A/Frameworks/ATS.framework/Versions/A/ATS
0x00000000152a2000 	/System/Library/Frameworks/ApplicationServices.framework/Versions/A/Frameworks/ColorSyncLegacy.framework/Versions/A/ColorSyncLegacy
0x00000000152a2000 	/System/Library/Frameworks/ApplicationServices.framework/Versions/A/Frameworks/HIServices.framework/Versions/A/HIServices
0x00000000152a2000 	/System/Library/Frameworks/ApplicationServices.framework/Versions/A/Frameworks/LangAnalysis.framework/Versions/A/LangAnalysis
0x00000000152a2000 	/System/Library/Frameworks/ApplicationServices.framework/Versions/A/Frameworks/PrintCore.framework/Versions/A/PrintCore
0x00000000152a2000 	/System/Library/Frameworks/ApplicationServices.framework/Versions/A/Frameworks/QD.framework/Versions/A/QD
0x00000000152a2000 	/System/Library/Frameworks/ApplicationServices.framework/Versions/A/Frameworks/SpeechSynthesis.framework/Versions/A/SpeechSynthesis
0x00000000152a2000 	/System/Library/Frameworks/CoreDisplay.framework/Versions/A/CoreDisplay
0x00000000152a2000 	/System/Library/Frameworks/Accelerate.framework/Versions/A/Frameworks/vImage.framework/Versions/A/vImage
0x00000000152a2000 	/System/Library/Frameworks/Accelerate.framework/Versions/A/Frameworks/vecLib.framework/Versions/A/vecLib
0x00000000152a2000 	/System/Library/Frameworks/Accelerate.framework/Versions/A/Frameworks/vecLib.framework/Versions/A/libvDSP.dylib
0x00000000152a2000 	/System/Library/Frameworks/Accelerate.framework/Versions/A/Frameworks/vecLib.framework/Versions/A/libBNNS.dylib
0x00000000152a2000 	/System/Library/Frameworks/Accelerate.framework/Versions/A/Frameworks/vecLib.framework/Versions/A/libQuadrature.dylib
0x00000000152a2000 	/System/Library/Frameworks/Accelerate.framework/Versions/A/Frameworks/vecLib.framework/Versions/A/libvMisc.dylib
0x00000000152a2000 	/System/Library/Frameworks/Accelerate.framework/Versions/A/Frameworks/vecLib.framework/Versions/A/libLAPACK.dylib
0x00000000152a2000 	/System/Library/Frameworks/Accelerate.framework/Versions/A/Frameworks/vecLib.framework/Versions/A/libBLAS.dylib
0x00000000152a2000 	/System/Library/Frameworks/Accelerate.framework/Versions/A/Frameworks/vecLib.framework/Versions/A/libLinearAlgebra.dylib
0x00000000152a2000 	/System/Library/Frameworks/Accelerate.framework/Versions/A/Frameworks/vecLib.framework/Versions/A/libSparse.dylib
0x00000000152a2000 	/System/Library/Frameworks/Accelerate.framework/Versions/A/Frameworks/vecLib.framework/Versions/A/libSparseBLAS.dylib
0x00000000152a2000 	/System/Library/PrivateFrameworks/GPUWrangler.framework/Versions/A/GPUWrangler
0x00000000152a2000 	/System/Library/PrivateFrameworks/IOAccelerator.framework/Versions/A/IOAccelerator
0x00000000152a2000 	/System/Library/PrivateFrameworks/IOPresentment.framework/Versions/A/IOPresentment
0x00000000152a2000 	/System/Library/PrivateFrameworks/DSExternalDisplay.framework/Versions/A/DSExternalDisplay
0x00000000152a2000 	/System/Library/Frameworks/OpenGL.framework/Versions/A/Libraries/libCoreFSCache.dylib
0x00000000152a2000 	/System/Library/Frameworks/CoreVideo.framework/Versions/A/CoreVideo
0x00000000152a2000 	/System/Library/PrivateFrameworks/GraphVisualizer.framework/Versions/A/GraphVisualizer
0x00000000152a2000 	/System/Library/Frameworks/MetalPerformanceShaders.framework/Versions/A/MetalPerformanceShaders
0x00000000152a2000 	/usr/lib/libFosl_dynamic.dylib
0x00000000152a2000 	/System/Library/PrivateFrameworks/FaceCore.framework/Versions/A/FaceCore
0x00000000152a2000 	/System/Library/Frameworks/OpenCL.framework/Versions/A/OpenCL
0x00000000152a2000 	/usr/lib/libcompression.dylib
0x00000000152a2000 	/System/Library/Frameworks/ApplicationServices.framework/Versions/A/Frameworks/ATS.framework/Versions/A/Resources/libFontParser.dylib
0x00000000152a2000 	/System/Library/Frameworks/ApplicationServices.framework/Versions/A/Frameworks/ATS.framework/Versions/A/Resources/libFontRegistry.dylib
0x00000000152a2000 	/System/Library/Frameworks/ImageIO.framework/Versions/A/Resources/libJPEG.dylib
0x00000000152a2000 	/System/Library/Frameworks/ImageIO.framework/Versions/A/Resources/libTIFF.dylib
0x00000000152a2000 	/System/Library/Frameworks/ImageIO.framework/Versions/A/Resources/libPng.dylib
0x00000000152a2000 	/System/Library/Frameworks/ImageIO.framework/Versions/A/Resources/libGIF.dylib
0x00000000152a2000 	/System/Library/Frameworks/ImageIO.framework/Versions/A/Resources/libJP2.dylib
0x00000000152a2000 	/System/Library/Frameworks/ImageIO.framework/Versions/A/Resources/libRadiance.dylib
0x00000000152a2000 	/System/Library/PrivateFrameworks/AppleJPEG.framework/Versions/A/AppleJPEG
0x00000000152a2000 	/System/Library/Frameworks/MetalPerformanceShaders.framework/Frameworks/MPSCore.framework/Versions/A/MPSCore
0x00000000152a2000 	/System/Library/Frameworks/MetalPerformanceShaders.framework/Frameworks/MPSImage.framework/Versions/A/MPSImage
0x00000000152a2000 	/System/Library/Frameworks/MetalPerformanceShaders.framework/Frameworks/MPSNeuralNetwork.framework/Versions/A/MPSNeuralNetwork
0x00000000152a2000 	/System/Library/Frameworks/MetalPerformanceShaders.framework/Frameworks/MPSMatrix.framework/Versions/A/MPSMatrix
0x00000000152a2000 	/System/Library/PrivateFrameworks/MetalTools.framework/Versions/A/MetalTools
0x00000000152a2000 	/System/Library/Frameworks/OpenGL.framework/Versions/A/Libraries/libGLU.dylib
0x00000000152a2000 	/System/Library/Frameworks/OpenGL.framework/Versions/A/Libraries/libGFXShared.dylib
0x00000000152a2000 	/System/Library/Frameworks/OpenGL.framework/Versions/A/Libraries/libGL.dylib
0x00000000152a2000 	/System/Library/Frameworks/OpenGL.framework/Versions/A/Libraries/libGLImage.dylib
0x00000000152a2000 	/System/Library/Frameworks/OpenGL.framework/Versions/A/Libraries/libCVMSPluginSupport.dylib
0x00000000152a2000 	/System/Library/Frameworks/OpenGL.framework/Versions/A/Libraries/libCoreVMClient.dylib
0x00000000152a2000 	/usr/lib/libcups.2.dylib
0x00000000152a2000 	/System/Library/Frameworks/Kerberos.framework/Versions/A/Kerberos
0x00000000152a2000 	/System/Library/Frameworks/GSS.framework/Versions/A/GSS
0x00000000152a2000 	/usr/lib/libresolv.9.dylib
0x00000000152a2000 	/usr/lib/libiconv.2.dylib
0x00000000152a2000 	/System/Library/PrivateFrameworks/Heimdal.framework/Versions/A/Heimdal
0x00000000152a2000 	/usr/lib/libheimdal-asn1.dylib
0x00000000152a2000 	/System/Library/Frameworks/OpenDirectory.framework/Versions/A/OpenDirectory
0x00000000152a2000 	/System/Library/PrivateFrameworks/CommonAuth.framework/Versions/A/CommonAuth
0x00000000152a2000 	/System/Library/Frameworks/OpenDirectory.framework/Versions/A/Frameworks/CFOpenDirectory.framework/Versions/A/CFOpenDirectory
0x00000000152a2000 	/System/Library/Frameworks/SecurityFoundation.framework/Versions/A/SecurityFoundation
0x00000000152a2000 	/System/Library/PrivateFrameworks/APFS.framework/Versions/A/APFS
0x00000000152a2000 	/usr/lib/libutil.dylib
0x00000000152a2000 	/System/Library/PrivateFrameworks/AppleSauce.framework/Versions/A/AppleSauce
0x00000000152a2000 	/System/Library/PrivateFrameworks/LinguisticData.framework/Versions/A/LinguisticData
0x00000000152a2000 	/usr/lib/libmarisa.dylib
0x00000000152a2000 	/System/Library/PrivateFrameworks/Lexicon.framework/Versions/A/Lexicon
0x00000000152a2000 	/usr/lib/libChineseTokenizer.dylib
0x00000000152a2000 	/usr/lib/libcmph.dylib
0x00000000152a2000 	/System/Library/PrivateFrameworks/LanguageModeling.framework/Versions/A/LanguageModeling
0x00000000152a2000 	/System/Library/PrivateFrameworks/CoreEmoji.framework/Versions/A/CoreEmoji
0x00000000152a2000 	/System/Library/Frameworks/ServiceManagement.framework/Versions/A/ServiceManagement
0x00000000152a2000 	/System/Library/PrivateFrameworks/BackgroundTaskManagement.framework/Versions/A/BackgroundTaskManagement
0x00000000152a2000 	/usr/lib/libxslt.1.dylib
0x00000000152a2000 	/System/Library/Frameworks/Carbon.framework/Versions/A/Frameworks/Ink.framework/Versions/A/Ink
0x00000000152a2000 	/System/Library/PrivateFrameworks/TextureIO.framework/Versions/A/TextureIO
0x00000000152a2000 	/usr/lib/libate.dylib
0x00000000152a2000 	/System/Library/PrivateFrameworks/CrashReporterSupport.framework/Versions/A/CrashReporterSupport
0x00000000152a2000 	/System/Library/PrivateFrameworks/Sharing.framework/Versions/A/Sharing
0x00000000152a2000 	/System/Library/PrivateFrameworks/IconServices.framework/Versions/A/IconServices
0x00000000152a2000 	/System/Library/PrivateFrameworks/Apple80211.framework/Versions/A/Apple80211
0x00000000152a2000 	/System/Library/PrivateFrameworks/CoreUtils.framework/Versions/A/CoreUtils
0x00000000152a2000 	/System/Library/Frameworks/CoreWLAN.framework/Versions/A/CoreWLAN
0x00000000152a2000 	/System/Library/Frameworks/IOBluetooth.framework/Versions/A/IOBluetooth
0x00000000152a2000 	/System/Library/PrivateFrameworks/ProtocolBuffer.framework/Versions/A/ProtocolBuffer
0x00000000152a2000 	/System/Library/PrivateFrameworks/CoreWiFi.framework/Versions/A/CoreWiFi
0x00000000152a2000 	/System/Library/Frameworks/CoreBluetooth.framework/Versions/A/CoreBluetooth
0x00000000152a2000 	/System/Library/PrivateFrameworks/DebugSymbols.framework/Versions/A/DebugSymbols
0x00000000152a2000 	/System/Library/PrivateFrameworks/CoreSymbolication.framework/Versions/A/CoreSymbolication
0x00000000152a2000 	/System/Library/PrivateFrameworks/Symbolication.framework/Versions/A/Symbolication
0x00000000152a2000 	/System/Library/PrivateFrameworks/AppleFSCompression.framework/Versions/A/AppleFSCompression
0x00000000152a2000 	/System/Library/PrivateFrameworks/SpeechRecognitionCore.framework/Versions/A/SpeechRecognitionCore
0x000000010fc00000 	/Library/Java/JavaVirtualMachines/jdk1.8.0_111.jdk/Contents/Home/jre/lib/server/libjvm.dylib
0x00000000152a2000 	/usr/lib/libstdc++.6.0.9.dylib
0x000000010eb90000 	/Library/Java/JavaVirtualMachines/jdk1.8.0_111.jdk/Contents/Home/jre/lib/libverify.dylib
0x000000010eb9e000 	/Library/Java/JavaVirtualMachines/jdk1.8.0_111.jdk/Contents/Home/jre/lib/libjava.dylib
0x000000010ebdd000 	/Library/Java/JavaVirtualMachines/jdk1.8.0_111.jdk/Contents/Home/jre/lib/libzip.dylib
0x00000000152a2000 	/System/Library/Frameworks/JavaVM.framework/Versions/A/Frameworks/JavaRuntimeSupport.framework/Versions/A/JavaRuntimeSupport
0x00000000152a2000 	/System/Library/Frameworks/JavaVM.framework/Versions/A/Frameworks/JavaNativeFoundation.framework/Versions/A/JavaNativeFoundation
0x00000000152a2000 	/System/Library/Frameworks/JavaVM.framework/Versions/A/JavaVM
0x00000000152a2000 	/System/Library/Frameworks/Carbon.framework/Versions/A/Carbon
0x00000000152a2000 	/System/Library/PrivateFrameworks/JavaLaunching.framework/Versions/A/JavaLaunching
0x00000000152a2000 	/System/Library/Frameworks/Carbon.framework/Versions/A/Frameworks/CommonPanels.framework/Versions/A/CommonPanels
0x00000000152a2000 	/System/Library/Frameworks/Carbon.framework/Versions/A/Frameworks/Help.framework/Versions/A/Help
0x00000000152a2000 	/System/Library/Frameworks/Carbon.framework/Versions/A/Frameworks/ImageCapture.framework/Versions/A/ImageCapture
0x00000000152a2000 	/System/Library/Frameworks/Carbon.framework/Versions/A/Frameworks/OpenScripting.framework/Versions/A/OpenScripting
0x00000000152a2000 	/System/Library/Frameworks/Carbon.framework/Versions/A/Frameworks/Print.framework/Versions/A/Print
0x00000000152a2000 	/System/Library/Frameworks/Carbon.framework/Versions/A/Frameworks/SecurityHI.framework/Versions/A/SecurityHI
0x00000001166ef000 	/Library/Java/JavaVirtualMachines/jdk1.8.0_111.jdk/Contents/Home/jre/lib/libprism_es2.dylib
0x00000000152a2000 	/System/Library/PrivateFrameworks/CoreServicesInternal.framework/Versions/A/CoreServicesInternal
0x00000000152a2000 	/System/Library/Frameworks/OpenGL.framework/Versions/A/Resources/GLEngine.bundle/GLEngine
0x00000000152a2000 	/System/Library/Frameworks/OpenGL.framework/Versions/A/Libraries/libGLProgrammability.dylib
0x000000011678a000 	/System/Library/Extensions/AppleIntelHD5000GraphicsGLDriver.bundle/Contents/MacOS/AppleIntelHD5000GraphicsGLDriver
0x00000000152a2000 	/System/Library/PrivateFrameworks/GPUSupport.framework/Versions/A/Libraries/libGPUSupportMercury.dylib
0x00000000152a2000 	/System/Library/Extensions/GeForceGLDriver.bundle/Contents/MacOS/GeForceGLDriver
0x00000000152a2000 	/System/Library/Extensions/GeForceGLDriver.bundle/Contents/MacOS/libclh.dylib
0x00000000152a2000 	/System/Library/Frameworks/OpenGL.framework/Versions/A/Resources/GLRendererFloat.bundle/GLRendererFloat
0x00000000152a2000 	/System/Library/Frameworks/OpenCL.framework/Versions/A/Libraries/libcldcpuengine.dylib
0x00000000152a2000 	/usr/lib/libcrypto.35.dylib
0x00000000152a2000 	/System/Library/PrivateFrameworks/TrustEvaluationAgent.framework/Versions/A/TrustEvaluationAgent
0x000000012e421000 	/Library/Java/JavaVirtualMachines/jdk1.8.0_111.jdk/Contents/Home/jre/lib/libglass.dylib
0x00000000152a2000 	/System/Library/CoreServices/RawCamera.bundle/Contents/MacOS/RawCamera
0x00000000152a2000 	/System/Library/PrivateFrameworks/MobileAsset.framework/Versions/A/MobileAsset
0x00000000152a2000 	/System/Library/PrivateFrameworks/StreamingZip.framework/Versions/A/StreamingZip
0x00000000152a2000 	/System/Library/Frameworks/MediaToolbox.framework/Versions/A/MediaToolbox
0x00000000152a2000 	/System/Library/PrivateFrameworks/CoreAVCHD.framework/Versions/A/CoreAVCHD
0x00000000152a2000 	/System/Library/Frameworks/MediaAccessibility.framework/Versions/A/MediaAccessibility
0x00000000152a2000 	/System/Library/PrivateFrameworks/Mangrove.framework/Versions/A/Mangrove
0x00000000152a2000 	/System/Library/Frameworks/CoreMedia.framework/Versions/A/CoreMedia
0x00000000152a2000 	/System/Library/Frameworks/VideoToolbox.framework/Versions/A/VideoToolbox
0x00000000152a2000 	/System/Library/PrivateFrameworks/CoreAUC.framework/Versions/A/CoreAUC
0x00000000152a2000 	/usr/lib/libspindump.dylib
0x00000000152a2000 	/System/Library/PrivateFrameworks/AppleVA.framework/Versions/A/AppleVA
0x00000000152a2000 	/System/Library/Frameworks/Accelerate.framework/Versions/A/Frameworks/vImage.framework/Versions/A/Libraries/libCGInterfaces.dylib
0x00000000152a2000 	/System/Library/PrivateFrameworks/FamilyControls.framework/Versions/A/FamilyControls
0x00000000152a2000 	/System/Library/PrivateFrameworks/CommerceKit.framework/Versions/A/Frameworks/CommerceCore.framework/Versions/A/CommerceCore
0x00000000152a2000 	/System/Library/PrivateFrameworks/SystemAdministration.framework/Versions/A/SystemAdministration
0x00000000152a2000 	/System/Library/PrivateFrameworks/AppContainer.framework/Versions/A/AppContainer
0x00000000152a2000 	/System/Library/PrivateFrameworks/SecCodeWrapper.framework/Versions/A/SecCodeWrapper
0x00000000152a2000 	/System/Library/PrivateFrameworks/DiskManagement.framework/Versions/A/DiskManagement
0x00000000152a2000 	/System/Library/Frameworks/DirectoryService.framework/Versions/A/DirectoryService
0x00000000152a2000 	/System/Library/PrivateFrameworks/DiskImages.framework/Versions/A/DiskImages
0x00000000152a2000 	/System/Library/PrivateFrameworks/LoginUIKit.framework/Versions/A/Frameworks/LoginUICore.framework/Versions/A/LoginUICore
0x00000000152a2000 	/usr/lib/libCoreStorage.dylib
0x00000000152a2000 	/usr/lib/libcsfde.dylib
0x00000000152a2000 	/usr/lib/libodfde.dylib
0x00000000152a2000 	/System/Library/PrivateFrameworks/MediaKit.framework/Versions/A/MediaKit
0x00000000152a2000 	/System/Library/Frameworks/DiscRecording.framework/Versions/A/DiscRecording
0x00000000152a2000 	/System/Library/PrivateFrameworks/EFILogin.framework/Versions/A/EFILogin
0x00000000152a2000 	/System/Library/PrivateFrameworks/ProtectedCloudStorage.framework/Versions/A/ProtectedCloudStorage
0x00000000152a2000 	/usr/lib/libcurl.4.dylib
0x00000000152a2000 	/usr/lib/libssl.35.dylib
0x00000000152a2000 	/System/Library/Frameworks/LDAP.framework/Versions/A/LDAP
0x00000000152a2000 	/usr/lib/libsasl2.2.dylib
0x00000000152a2000 	/System/Library/PrivateFrameworks/CoreDaemon.framework/Versions/B/CoreDaemon
0x00000000152a2000 	/System/Library/PrivateFrameworks/AppleSRP.framework/Versions/A/AppleSRP
0x0000000130b46000 	/Library/Java/JavaVirtualMachines/jdk1.8.0_111.jdk/Contents/Home/jre/lib/libjavafx_font.dylib
0x0000000130b50000 	/Library/Java/JavaVirtualMachines/jdk1.8.0_111.jdk/Contents/Home/jre/lib/libnio.dylib
0x0000000130b60000 	/Library/Java/JavaVirtualMachines/jdk1.8.0_111.jdk/Contents/Home/jre/lib/./libnet.dylib
0x00000000152a2000 	/System/Library/Frameworks/ApplicationServices.framework/Versions/A/Frameworks/ATS.framework/Versions/A/Resources/libTrueTypeScaler.dylib
0x000000013135b000 	/Library/Java/JavaVirtualMachines/jdk1.8.0_111.jdk/Contents/Home/jre/lib/libjavafx_iio.dylib
0x00000000152a2000 	/System/Library/Extensions/AppleIntelHD5000GraphicsMTLDriver.bundle/Contents/MacOS/AppleIntelHD5000GraphicsMTLDriver
0x00000000152a2000 	/System/Library/Extensions/GeForceMTLDriver.bundle/Contents/MacOS/GeForceMTLDriver
0x00000000152a2000 	/System/Library/PrivateFrameworks/GPUCompiler.framework/Versions/3802/Libraries/libmetal_timestamp.dylib
0x0000000133dc4000 	/Library/Java/JavaVirtualMachines/jdk1.8.0_111.jdk/Contents/Home/jre/lib/libprism_common.dylib
0x00000000152a2000 	/System/Library/PrivateFrameworks/ViewBridge.framework/Versions/A/ViewBridge
0x00000000152a2000 	/System/Library/PrivateFrameworks/login.framework/Versions/A/login
0x00000001362af000 	/Library/Java/JavaVirtualMachines/jdk1.8.0_111.jdk/Contents/Home/jre/lib/libawt.dylib
0x0000000136357000 	/Library/Java/JavaVirtualMachines/jdk1.8.0_111.jdk/Contents/Home/jre/lib/./libmlib_image.dylib
0x0000000136423000 	/Library/Java/JavaVirtualMachines/jdk1.8.0_111.jdk/Contents/Home/jre/lib/libawt_lwawt.dylib
0x00000001364d8000 	/Library/Java/JavaVirtualMachines/jdk1.8.0_111.jdk/Contents/Home/jre/lib/./libosxapp.dylib
0x00000000152a2000 	/System/Library/Frameworks/ExceptionHandling.framework/Versions/A/ExceptionHandling
0x0000000136fa7000 	/Library/Java/JavaVirtualMachines/jdk1.8.0_111.jdk/Contents/Home/jre/lib/libfontmanager.dylib
0x000000013700e000 	/Library/Java/JavaVirtualMachines/jdk1.8.0_111.jdk/Contents/Home/jre/lib/libosxui.dylib

VM Arguments:
jvm_args: -Dfile.encoding=UTF-8 
java_command: edu.unal.vista.Validation
java_class_path (initial): /Users/marlonbarreto/Documents/NetBeansProjects/AbductedFarmers/AbductedFarmers/build/classes
Launcher Type: SUN_STANDARD

Environment Variables:
PATH=/usr/bin:/bin:/usr/sbin:/sbin
LD_LIBRARY_PATH=/Library/Java/JavaVirtualMachines/jdk1.8.0_111.jdk/Contents/Home/jre/lib/amd64:/Library/Java/JavaVirtualMachines/jdk1.8.0_111.jdk/Contents/Home/jre/lib/i386:
SHELL=/bin/bash

Signal Handlers:
SIGSEGV: [libjvm.dylib+0x5b03ed], sa_mask[0]=11111111011111110111111111111111, sa_flags=SA_ONSTACK|SA_RESTART|SA_SIGINFO
SIGBUS: [libjvm.dylib+0x5b03ed], sa_mask[0]=11111111011111110111111111111111, sa_flags=SA_RESTART|SA_SIGINFO
SIGFPE: [libjvm.dylib+0x48711c], sa_mask[0]=11111111011111110111111111111111, sa_flags=SA_RESTART|SA_SIGINFO
SIGPIPE: [libjvm.dylib+0x48711c], sa_mask[0]=11111111011111110111111111111111, sa_flags=SA_RESTART|SA_SIGINFO
SIGXFSZ: [libjvm.dylib+0x48711c], sa_mask[0]=11111111011111110111111111111111, sa_flags=SA_RESTART|SA_SIGINFO
SIGILL: [libjvm.dylib+0x48711c], sa_mask[0]=11111111011111110111111111111111, sa_flags=SA_RESTART|SA_SIGINFO
SIGUSR1: SIG_DFL, sa_mask[0]=00000000000000000000000000000000, sa_flags=none
SIGUSR2: [libjvm.dylib+0x486c3a], sa_mask[0]=00100000000000000000000000000000, sa_flags=SA_RESTART|SA_SIGINFO
SIGHUP: [libjvm.dylib+0x485211], sa_mask[0]=11111111011111110111111111111111, sa_flags=SA_RESTART|SA_SIGINFO
SIGINT: SIG_IGN, sa_mask[0]=00000000000000000000000000000000, sa_flags=none
SIGTERM: [libjvm.dylib+0x485211], sa_mask[0]=11111111011111110111111111111111, sa_flags=SA_RESTART|SA_SIGINFO
SIGQUIT: [libjvm.dylib+0x485211], sa_mask[0]=11111111011111110111111111111111, sa_flags=SA_RESTART|SA_SIGINFO


---------------  S Y S T E M  ---------------

OS:Bsduname:Darwin 17.6.0 Darwin Kernel Version 17.6.0: Tue May  8 15:33:09 PDT 2018; root:xnu-4570.61.1~2/RELEASE_X86_64 x86_64
rlimit: STACK 8192k, CORE 0k, NPROC 1418, NOFILE 10240, AS infinity
load average:2.96 3.07 2.99

CPU:total 8 (4 cores per cpu, 2 threads per core) family 6 model 70 stepping 1, cmov, cx8, fxsr, mmx, sse, sse2, sse3, ssse3, sse4.1, sse4.2, popcnt, avx, avx2, aes, clmul, erms, lzcnt, ht, tsc, tscinvbit, bmi1, bmi2

Memory: 4k page, physical 16777216k(3010656k free)

/proc/meminfo:


vm_info: Java HotSpot(TM) 64-Bit Server VM (25.111-b14) for bsd-amd64 JRE (1.8.0_111-b14), built on Sep 22 2016 15:31:41 by "java_re" with gcc 4.2.1 (Based on Apple Inc. build 5658) (LLVM build 2336.11.00)

time: Mon May 28 21:27:10 2018
elapsed time: 6 seconds (0d 0h 0m 6s)

